Using pre-set license
Built from '2020.3/release' branch; Version is '2020.3.7f1 (dd97f2c94397) revision 14522354'; Using compiler version '192528614'; Build Type 'Release'
OS: 'Windows 10 Home; OS build 19043.1586; Version 2009; 64bit' Language: 'ko' Physical Memory: 16293 MB
BatchMode: 1, IsHumanControllingUs: 0, StartBugReporterOnCrash: 0, Is64bit: 1, IsPro: 0

 COMMAND LINE ARGUMENTS:
C:\Program Files\Unity\Hub\Editor\2020.3.7f1\Editor\Unity.exe
-adb2
-batchMode
-noUpm
-name
AssetImportWorker0
-projectPath
C:/Users/user/Documents/GitHub/LoG_Prototype/TeamProjectHwScene
-logFile
Logs/AssetImportWorker0.log
-srvPort
51121
Successfully changed project path to: C:/Users/user/Documents/GitHub/LoG_Prototype/TeamProjectHwScene
C:/Users/user/Documents/GitHub/LoG_Prototype/TeamProjectHwScene
Using Asset Import Pipeline V2.
Refreshing native plugins compatible for Editor in 21.12 ms, found 0 plugins.
Preloading 0 native plugins for Editor in 0.00 ms.
Initialize engine version: 2020.3.7f1 (dd97f2c94397)
[Subsystems] Discovering subsystems at path C:/Program Files/Unity/Hub/Editor/2020.3.7f1/Editor/Data/Resources/UnitySubsystems
[Subsystems] Discovering subsystems at path C:/Users/user/Documents/GitHub/LoG_Prototype/TeamProjectHwScene/Assets
GfxDevice: creating device client; threaded=0
Direct3D:
    Version:  Direct3D 11.0 [level 11.1]
    Renderer: NVIDIA GeForce GTX 1660 SUPER (ID=0x21c4)
    Vendor:   
    VRAM:     5991 MB
    Driver:   30.0.15.1179
Initialize mono
Mono path[0] = 'C:/Program Files/Unity/Hub/Editor/2020.3.7f1/Editor/Data/Managed'
Mono path[1] = 'C:/Program Files/Unity/Hub/Editor/2020.3.7f1/Editor/Data/MonoBleedingEdge/lib/mono/unityjit'
Mono config path = 'C:/Program Files/Unity/Hub/Editor/2020.3.7f1/Editor/Data/MonoBleedingEdge/etc'
Using monoOptions --debugger-agent=transport=dt_socket,embedding=1,server=y,suspend=n,address=127.0.0.1:56064
Begin MonoManager ReloadAssembly
Registering precompiled unity dll's ...
Register platform support module: C:/Program Files/Unity/Hub/Editor/2020.3.7f1/Editor/Data/PlaybackEngines/WindowsStandaloneSupport/UnityEditor.WindowsStandalone.Extensions.dll
Registered in 0.004463 seconds.
Native extension for WindowsStandalone target not found
Refreshing native plugins compatible for Editor in 21.19 ms, found 0 plugins.
Preloading 0 native plugins for Editor in 0.00 ms.
Mono: successfully reloaded assembly
- Completed reload, in  1.703 seconds
Platform modules already initialized, skipping
Registering precompiled user dll's ...
Registered in 0.001043 seconds.
Begin MonoManager ReloadAssembly
Native extension for WindowsStandalone target not found
Refreshing native plugins compatible for Editor in 0.18 ms, found 0 plugins.
Preloading 0 native plugins for Editor in 0.00 ms.
Mono: successfully reloaded assembly
- Completed reload, in  0.816 seconds
Platform modules already initialized, skipping
========================================================================
Worker process is ready to serve import requests
Launched and connected shader compiler UnityShaderCompiler.exe after 0.03 seconds
Refreshing native plugins compatible for Editor in 0.19 ms, found 0 plugins.
Preloading 0 native plugins for Editor in 0.00 ms.
Unloading 1115 Unused Serialized files (Serialized files now loaded: 0)
System memory in use before: 59.7 MB.
System memory in use after: 59.7 MB.

Unloading 10 unused Assets to reduce memory usage. Loaded Objects now: 1557.
Total: 2.307700 ms (FindLiveObjects: 0.164600 ms CreateObjectMapping: 0.059700 ms MarkObjects: 1.984200 ms  DeleteObjects: 0.097800 ms)

========================================================================
Received Import Request.
  path: Assets/Scenes/SampleScene.unity
  artifactKey: Guid(9fc0d4010bbf28b4594072e72b8655ab) Importer(815301076,1909f56bfc062723c751e8b465ee728b)
Start importing Assets/Scenes/SampleScene.unity using Guid(9fc0d4010bbf28b4594072e72b8655ab) Importer(815301076,1909f56bfc062723c751e8b465ee728b)  -> (artifact id: '73375568fee951cd03f03eadad72722f') in 0.013418 seconds
  Import took 0.015401 seconds .

========================================================================
Received Import Request.
  Time since last request: 3.418786 seconds.
  path: Assets/Scenes
  artifactKey: Guid(7b2309c49ffc7414cab76147c3665d20) Importer(815301076,1909f56bfc062723c751e8b465ee728b)
Start importing Assets/Scenes using Guid(7b2309c49ffc7414cab76147c3665d20) Importer(815301076,1909f56bfc062723c751e8b465ee728b)  -> (artifact id: 'f8ae1b0318194d56433d0546be4e8be9') in 0.002889 seconds
  Import took 0.004463 seconds .

========================================================================
Received Import Request.
  Time since last request: 5.174164 seconds.
  path: Assets/Scenes/New SceneTemplate.scenetemplate
  artifactKey: Guid(3734dcb4bcf34f24daa6b7d92081fba9) Importer(815301076,1909f56bfc062723c751e8b465ee728b)
Start importing Assets/Scenes/New SceneTemplate.scenetemplate using Guid(3734dcb4bcf34f24daa6b7d92081fba9) Importer(815301076,1909f56bfc062723c751e8b465ee728b)  -> (artifact id: '287e9e31a29d5b3a41b95980777d1f8a') in 0.034348 seconds
  Import took 0.036408 seconds .

========================================================================
Received Import Request.
  Time since last request: 6.008848 seconds.
  path: Assets/Scenes/New Scene.unity
  artifactKey: Guid(8deb96814b6f2354fa940334d0b99da3) Importer(815301076,1909f56bfc062723c751e8b465ee728b)
Start importing Assets/Scenes/New Scene.unity using Guid(8deb96814b6f2354fa940334d0b99da3) Importer(815301076,1909f56bfc062723c751e8b465ee728b)  -> (artifact id: 'a1993bb44afcbe30114fcb307560fd3d') in 0.004144 seconds
  Import took 0.006276 seconds .

========================================================================
Received Import Request.
  Time since last request: 0.000749 seconds.
  path: Assets/Scenes/New Scene.unity
  artifactKey: Guid(8deb96814b6f2354fa940334d0b99da3) Importer(815301076,1909f56bfc062723c751e8b465ee728b)
Start importing Assets/Scenes/New Scene.unity using Guid(8deb96814b6f2354fa940334d0b99da3) Importer(815301076,1909f56bfc062723c751e8b465ee728b)  -> (artifact id: 'a1993bb44afcbe30114fcb307560fd3d') in 0.003471 seconds
  Import took 0.005415 seconds .

========================================================================
Received Import Request.
  Time since last request: 6.210880 seconds.
  path: Assets/Scenes/HwScene.unity
  artifactKey: Guid(8deb96814b6f2354fa940334d0b99da3) Importer(815301076,1909f56bfc062723c751e8b465ee728b)
Start importing Assets/Scenes/HwScene.unity using Guid(8deb96814b6f2354fa940334d0b99da3) Importer(815301076,1909f56bfc062723c751e8b465ee728b)  -> (artifact id: 'fc5524b774cde61648bf86cb672c2cf4') in 0.003131 seconds
  Import took 0.004745 seconds .

========================================================================
Received Import Request.
  Time since last request: 8.105378 seconds.
  path: Assets/Scenes/MyScene.unity
  artifactKey: Guid(8deb96814b6f2354fa940334d0b99da3) Importer(815301076,1909f56bfc062723c751e8b465ee728b)
Start importing Assets/Scenes/MyScene.unity using Guid(8deb96814b6f2354fa940334d0b99da3) Importer(815301076,1909f56bfc062723c751e8b465ee728b)  -> (artifact id: '1547515d30da05d28e6ef129437faa6b') in 0.003119 seconds
  Import took 0.004713 seconds .

========================================================================
Received Import Request.
  Time since last request: 153.221791 seconds.
  path: Assets/Scenes/Main.unity
  artifactKey: Guid(500fdb14b2818c24b97b3d611cb62a7f) Importer(815301076,1909f56bfc062723c751e8b465ee728b)
Start importing Assets/Scenes/Main.unity using Guid(500fdb14b2818c24b97b3d611cb62a7f) Importer(815301076,1909f56bfc062723c751e8b465ee728b)  -> (artifact id: '97e195e985d50568c7851d53ff686843') in 0.003608 seconds
  Import took 0.007046 seconds .

========================================================================
Received Import Request.
  Time since last request: 73.549213 seconds.
  path: Assets/Scenes/Plane.mat
  artifactKey: Guid(24011eb1de4f2c8468533e5439980cce) Importer(815301076,1909f56bfc062723c751e8b465ee728b)
Start importing Assets/Scenes/Plane.mat using Guid(24011eb1de4f2c8468533e5439980cce) Importer(815301076,1909f56bfc062723c751e8b465ee728b)  -> (artifact id: 'c935f37e37ecaa00ae190496598b6850') in 0.129274 seconds
  Import took 0.132431 seconds .

========================================================================
Received Import Request.
  Time since last request: 1.417201 seconds.
  path: Assets/Scenes/Player.mat
  artifactKey: Guid(28ccc9cf40e8a7a439278bb958bd73f2) Importer(815301076,1909f56bfc062723c751e8b465ee728b)
Start importing Assets/Scenes/Player.mat using Guid(28ccc9cf40e8a7a439278bb958bd73f2) Importer(815301076,1909f56bfc062723c751e8b465ee728b)  -> (artifact id: '1c5280de0bdba8f6d68e87ed56b45ccd') in 0.022097 seconds
  Import took 0.025208 seconds .

========================================================================
Received Import Request.
  Time since last request: 107.579049 seconds.
  path: Assets/Scenes/GameManager.cs
  artifactKey: Guid(90f0dd9721db0e143af5622bcd8cd7f0) Importer(815301076,1909f56bfc062723c751e8b465ee728b)
Start importing Assets/Scenes/GameManager.cs using Guid(90f0dd9721db0e143af5622bcd8cd7f0) Importer(815301076,1909f56bfc062723c751e8b465ee728b)  -> (artifact id: '70f20d64efebc14ff9e07e7a5a93b439') in 0.010713 seconds
  Import took 0.013243 seconds .

========================================================================
Received Prepare
Registering precompiled user dll's ...
Registered in 0.000965 seconds.
Begin MonoManager ReloadAssembly
Native extension for WindowsStandalone target not found
Refreshing native plugins compatible for Editor in 0.18 ms, found 0 plugins.
Preloading 0 native plugins for Editor in 0.00 ms.
Mono: successfully reloaded assembly
- Completed reload, in  0.774 seconds
Platform modules already initialized, skipping
Refreshing native plugins compatible for Editor in 0.19 ms, found 0 plugins.
Preloading 0 native plugins for Editor in 0.00 ms.
Unloading 1110 Unused Serialized files (Serialized files now loaded: 0)
System memory in use before: 63.0 MB.
System memory in use after: 63.1 MB.

Unloading 5 unused Assets to reduce memory usage. Loaded Objects now: 1600.
Total: 1.628800 ms (FindLiveObjects: 0.136800 ms CreateObjectMapping: 0.035800 ms MarkObjects: 1.408400 ms  DeleteObjects: 0.046800 ms)

========================================================================
Received Prepare
Registering precompiled user dll's ...
Registered in 0.001011 seconds.
Begin MonoManager ReloadAssembly
Native extension for WindowsStandalone target not found
Refreshing native plugins compatible for Editor in 0.18 ms, found 0 plugins.
Preloading 0 native plugins for Editor in 0.00 ms.
Mono: successfully reloaded assembly
- Completed reload, in  0.797 seconds
Platform modules already initialized, skipping
Refreshing native plugins compatible for Editor in 0.18 ms, found 0 plugins.
Preloading 0 native plugins for Editor in 0.00 ms.
Unloading 1112 Unused Serialized files (Serialized files now loaded: 0)
System memory in use before: 63.1 MB.
System memory in use after: 63.2 MB.

Unloading 5 unused Assets to reduce memory usage. Loaded Objects now: 1605.
Total: 1.465800 ms (FindLiveObjects: 0.142900 ms CreateObjectMapping: 0.039100 ms MarkObjects: 1.238100 ms  DeleteObjects: 0.044800 ms)

========================================================================
Received Prepare
Registering precompiled user dll's ...
Registered in 0.000963 seconds.
Begin MonoManager ReloadAssembly
Native extension for WindowsStandalone target not found
Refreshing native plugins compatible for Editor in 0.19 ms, found 0 plugins.
Preloading 0 native plugins for Editor in 0.00 ms.
Mono: successfully reloaded assembly
- Completed reload, in  0.772 seconds
Platform modules already initialized, skipping
Refreshing native plugins compatible for Editor in 0.18 ms, found 0 plugins.
Preloading 0 native plugins for Editor in 0.00 ms.
Unloading 1112 Unused Serialized files (Serialized files now loaded: 0)
System memory in use before: 63.1 MB.
System memory in use after: 63.2 MB.

Unloading 5 unused Assets to reduce memory usage. Loaded Objects now: 1608.
Total: 1.559900 ms (FindLiveObjects: 0.127700 ms CreateObjectMapping: 0.033300 ms MarkObjects: 1.348800 ms  DeleteObjects: 0.049300 ms)

========================================================================
Received Import Request.
  Time since last request: 64.339026 seconds.
  path: Assets/Scenes/GameManager.cs
  artifactKey: Guid(90f0dd9721db0e143af5622bcd8cd7f0) Importer(815301076,1909f56bfc062723c751e8b465ee728b)
Start importing Assets/Scenes/GameManager.cs using Guid(90f0dd9721db0e143af5622bcd8cd7f0) Importer(815301076,1909f56bfc062723c751e8b465ee728b)  -> (artifact id: '34c04600c9745b3db5d55b2f76c7b186') in 0.004465 seconds
  Import took 0.008532 seconds .

========================================================================
Received Prepare
Registering precompiled user dll's ...
Registered in 0.000973 seconds.
Begin MonoManager ReloadAssembly
Native extension for WindowsStandalone target not found
Refreshing native plugins compatible for Editor in 0.19 ms, found 0 plugins.
Preloading 0 native plugins for Editor in 0.00 ms.
Mono: successfully reloaded assembly
- Completed reload, in  0.832 seconds
Platform modules already initialized, skipping
Refreshing native plugins compatible for Editor in 0.18 ms, found 0 plugins.
Preloading 0 native plugins for Editor in 0.00 ms.
Unloading 1111 Unused Serialized files (Serialized files now loaded: 0)
System memory in use before: 63.1 MB.
System memory in use after: 63.2 MB.

Unloading 6 unused Assets to reduce memory usage. Loaded Objects now: 1610.
Total: 2.237300 ms (FindLiveObjects: 0.227400 ms CreateObjectMapping: 0.085300 ms MarkObjects: 1.858700 ms  DeleteObjects: 0.064400 ms)

========================================================================
Received Prepare
Registering precompiled user dll's ...
Registered in 0.000928 seconds.
Begin MonoManager ReloadAssembly
Native extension for WindowsStandalone target not found
Refreshing native plugins compatible for Editor in 0.18 ms, found 0 plugins.
Preloading 0 native plugins for Editor in 0.00 ms.
Mono: successfully reloaded assembly
- Completed reload, in  0.778 seconds
Platform modules already initialized, skipping
Refreshing native plugins compatible for Editor in 0.17 ms, found 0 plugins.
Preloading 0 native plugins for Editor in 0.00 ms.
Unloading 1111 Unused Serialized files (Serialized files now loaded: 0)
System memory in use before: 63.1 MB.
System memory in use after: 63.2 MB.

Unloading 5 unused Assets to reduce memory usage. Loaded Objects now: 1613.
Total: 1.494200 ms (FindLiveObjects: 0.129700 ms CreateObjectMapping: 0.034600 ms MarkObjects: 1.284800 ms  DeleteObjects: 0.044400 ms)

========================================================================
Received Import Request.
  Time since last request: 10.464728 seconds.
  path: Assets/Scenes/Scripts
  artifactKey: Guid(4edf73bbab77cd9469e0f21636f447e8) Importer(815301076,1909f56bfc062723c751e8b465ee728b)
Start importing Assets/Scenes/Scripts using Guid(4edf73bbab77cd9469e0f21636f447e8) Importer(815301076,1909f56bfc062723c751e8b465ee728b)  -> (artifact id: '56f501c0b59e4fe77c61d7f9a26fd3ce') in 0.005156 seconds
  Import took 0.008211 seconds .

========================================================================
Received Prepare
Registering precompiled user dll's ...
Registered in 0.001026 seconds.
Begin MonoManager ReloadAssembly
Native extension for WindowsStandalone target not found
Refreshing native plugins compatible for Editor in 0.18 ms, found 0 plugins.
Preloading 0 native plugins for Editor in 0.00 ms.
Mono: successfully reloaded assembly
- Completed reload, in  0.770 seconds
Platform modules already initialized, skipping
Refreshing native plugins compatible for Editor in 0.18 ms, found 0 plugins.
Preloading 0 native plugins for Editor in 0.00 ms.
Unloading 1111 Unused Serialized files (Serialized files now loaded: 0)
System memory in use before: 63.1 MB.
System memory in use after: 63.2 MB.

Unloading 5 unused Assets to reduce memory usage. Loaded Objects now: 1616.
Total: 1.425500 ms (FindLiveObjects: 0.132200 ms CreateObjectMapping: 0.040500 ms MarkObjects: 1.209000 ms  DeleteObjects: 0.042900 ms)

========================================================================
Received Import Request.
  Time since last request: 9.723204 seconds.
  path: Assets/Scenes/Scenes
  artifactKey: Guid(dd9b88bb5e641124a9436561869c9e83) Importer(815301076,1909f56bfc062723c751e8b465ee728b)
Start importing Assets/Scenes/Scenes using Guid(dd9b88bb5e641124a9436561869c9e83) Importer(815301076,1909f56bfc062723c751e8b465ee728b)  -> (artifact id: '1e87a8e966c9842b59a0d38bc05d5f0a') in 0.004509 seconds
  Import took 0.006973 seconds .

========================================================================
Received Import Request.
  Time since last request: 0.005353 seconds.
  path: Assets/Scenes/Scenes
  artifactKey: Guid(dd9b88bb5e641124a9436561869c9e83) Importer(815301076,1909f56bfc062723c751e8b465ee728b)
Start importing Assets/Scenes/Scenes using Guid(dd9b88bb5e641124a9436561869c9e83) Importer(815301076,1909f56bfc062723c751e8b465ee728b)  -> (artifact id: '1e87a8e966c9842b59a0d38bc05d5f0a') in 0.003140 seconds
  Import took 0.004749 seconds .

========================================================================
Received Import Request.
  Time since last request: 13.330355 seconds.
  path: Assets/Scenes/Materials
  artifactKey: Guid(add840e56b6a6a7488e0f07d2980f089) Importer(815301076,1909f56bfc062723c751e8b465ee728b)
Start importing Assets/Scenes/Materials using Guid(add840e56b6a6a7488e0f07d2980f089) Importer(815301076,1909f56bfc062723c751e8b465ee728b)  -> (artifact id: '9b05f13f9d094014e357a5d428251c6e') in 0.003293 seconds
  Import took 0.004994 seconds .

========================================================================
Received Import Request.
  Time since last request: 11.353759 seconds.
  path: Assets/Scenes/Scenes/MyScene.unity
  artifactKey: Guid(500fdb14b2818c24b97b3d611cb62a7f) Importer(815301076,1909f56bfc062723c751e8b465ee728b)
Start importing Assets/Scenes/Scenes/MyScene.unity using Guid(500fdb14b2818c24b97b3d611cb62a7f) Importer(815301076,1909f56bfc062723c751e8b465ee728b)  -> (artifact id: 'af5976add6e5d6a58340ab72688f4260') in 0.009071 seconds
  Import took 0.012516 seconds .

========================================================================
Received Prepare
Registering precompiled user dll's ...
Registered in 0.001016 seconds.
Begin MonoManager ReloadAssembly
Native extension for WindowsStandalone target not found
Refreshing native plugins compatible for Editor in 0.18 ms, found 0 plugins.
Preloading 0 native plugins for Editor in 0.00 ms.
Mono: successfully reloaded assembly
- Completed reload, in  0.761 seconds
Platform modules already initialized, skipping
Refreshing native plugins compatible for Editor in 0.18 ms, found 0 plugins.
Preloading 0 native plugins for Editor in 0.00 ms.
Unloading 1111 Unused Serialized files (Serialized files now loaded: 0)
System memory in use before: 63.1 MB.
System memory in use after: 63.2 MB.

Unloading 5 unused Assets to reduce memory usage. Loaded Objects now: 1619.
Total: 2.768300 ms (FindLiveObjects: 0.342400 ms CreateObjectMapping: 0.083600 ms MarkObjects: 2.272900 ms  DeleteObjects: 0.068100 ms)

========================================================================
Received Prepare
Registering precompiled user dll's ...
Registered in 0.000953 seconds.
Begin MonoManager ReloadAssembly
Native extension for WindowsStandalone target not found
Refreshing native plugins compatible for Editor in 0.18 ms, found 0 plugins.
Preloading 0 native plugins for Editor in 0.00 ms.
Mono: successfully reloaded assembly
- Completed reload, in  0.776 seconds
Platform modules already initialized, skipping
Refreshing native plugins compatible for Editor in 0.20 ms, found 0 plugins.
Preloading 0 native plugins for Editor in 0.00 ms.
Unloading 1111 Unused Serialized files (Serialized files now loaded: 0)
System memory in use before: 63.1 MB.
System memory in use after: 63.2 MB.

Unloading 5 unused Assets to reduce memory usage. Loaded Objects now: 1622.
Total: 1.468500 ms (FindLiveObjects: 0.182500 ms CreateObjectMapping: 0.063000 ms MarkObjects: 1.180400 ms  DeleteObjects: 0.041900 ms)

AssetImportWorkerClient::OnTransportError - code=2 error=End of file
