Using pre-set license
Built from '2020.3/release' branch; Version is '2020.3.7f1 (dd97f2c94397) revision 14522354'; Using compiler version '192528614'; Build Type 'Release'
OS: 'Windows 10 Pro; OS build 19042.1110; Version 2009; 64bit' Language: 'ko' Physical Memory: 16240 MB
BatchMode: 1, IsHumanControllingUs: 0, StartBugReporterOnCrash: 0, Is64bit: 1, IsPro: 0

 COMMAND LINE ARGUMENTS:
C:\Program Files\2020.3.7f1\Editor\Unity.exe
-adb2
-batchMode
-noUpm
-name
AssetImportWorker1
-projectPath
C:/Users/hyunb/Documents/Github/LoG_Prototype/GridSader_Prototype
-logFile
Logs/AssetImportWorker1.log
-srvPort
10424
Successfully changed project path to: C:/Users/hyunb/Documents/Github/LoG_Prototype/GridSader_Prototype
C:/Users/hyunb/Documents/Github/LoG_Prototype/GridSader_Prototype
Using Asset Import Pipeline V2.
Refreshing native plugins compatible for Editor in 52.94 ms, found 1 plugins.
Preloading 0 native plugins for Editor in 0.00 ms.
Initialize engine version: 2020.3.7f1 (dd97f2c94397)
[Subsystems] Discovering subsystems at path C:/Program Files/2020.3.7f1/Editor/Data/Resources/UnitySubsystems
[Subsystems] Discovering subsystems at path C:/Users/hyunb/Documents/Github/LoG_Prototype/GridSader_Prototype/Assets
GfxDevice: creating device client; threaded=0
Direct3D:
    Version:  Direct3D 11.0 [level 11.1]
    Renderer: NVIDIA GeForce GTX 1060 (ID=0x1c20)
    Vendor:   
    VRAM:     6052 MB
    Driver:   30.0.14.7111
Initialize mono
Mono path[0] = 'C:/Program Files/2020.3.7f1/Editor/Data/Managed'
Mono path[1] = 'C:/Program Files/2020.3.7f1/Editor/Data/MonoBleedingEdge/lib/mono/unityjit'
Mono config path = 'C:/Program Files/2020.3.7f1/Editor/Data/MonoBleedingEdge/etc'
Using monoOptions --debugger-agent=transport=dt_socket,embedding=1,server=y,suspend=n,address=127.0.0.1:56276
Begin MonoManager ReloadAssembly
Registering precompiled unity dll's ...
Register platform support module: C:/Program Files/2020.3.7f1/Editor/Data/PlaybackEngines/WindowsStandaloneSupport/UnityEditor.WindowsStandalone.Extensions.dll
Registered in 0.003358 seconds.
Native extension for WindowsStandalone target not found
Refreshing native plugins compatible for Editor in 65.21 ms, found 1 plugins.
Preloading 0 native plugins for Editor in 0.00 ms.
Mono: successfully reloaded assembly
- Completed reload, in  2.501 seconds
Platform modules already initialized, skipping
Registering precompiled user dll's ...
Registered in 0.004785 seconds.
Begin MonoManager ReloadAssembly
Native extension for WindowsStandalone target not found
Refreshing native plugins compatible for Editor in 50.72 ms, found 1 plugins.
Preloading 0 native plugins for Editor in 0.00 ms.
Mono: successfully reloaded assembly
- Completed reload, in  1.416 seconds
Platform modules already initialized, skipping
========================================================================
Worker process is ready to serve import requests
Launched and connected shader compiler UnityShaderCompiler.exe after 0.09 seconds
Refreshing native plugins compatible for Editor in 0.68 ms, found 1 plugins.
Preloading 0 native plugins for Editor in 0.00 ms.
Unloading 2215 Unused Serialized files (Serialized files now loaded: 0)
System memory in use before: 105.6 MB.
System memory in use after: 105.7 MB.

Unloading 25 unused Assets to reduce memory usage. Loaded Objects now: 2664.
Total: 2.626400 ms (FindLiveObjects: 0.570800 ms CreateObjectMapping: 0.210600 ms MarkObjects: 1.747500 ms  DeleteObjects: 0.077700 ms)

========================================================================
Received Import Request.
  path: Assets/Script/Array_Script/Array_Sprite.cs
  artifactKey: Guid(f17b0dcbf9476e24ea32637721af629d) Importer(815301076,1909f56bfc062723c751e8b465ee728b)
Start importing Assets/Script/Array_Script/Array_Sprite.cs using Guid(f17b0dcbf9476e24ea32637721af629d) Importer(815301076,1909f56bfc062723c751e8b465ee728b)  -> (artifact id: '26ea7eaefddb4e41da3bd73ef0a8ab93') in 0.043862 seconds
  Import took 0.048474 seconds .

========================================================================
Received Import Request.
  Time since last request: 0.000340 seconds.
  path: Assets/Script/Array_Script/ArrData_Sync.cs
  artifactKey: Guid(d8b45ba8fcc1d314fbaa562d69858aa0) Importer(815301076,1909f56bfc062723c751e8b465ee728b)
Start importing Assets/Script/Array_Script/ArrData_Sync.cs using Guid(d8b45ba8fcc1d314fbaa562d69858aa0) Importer(815301076,1909f56bfc062723c751e8b465ee728b)  -> (artifact id: 'db0ac52b9c2f67c7378da5231b395e2d') in 0.009251 seconds
  Import took 0.013614 seconds .

========================================================================
Received Import Request.
  Time since last request: 0.000258 seconds.
  path: Assets/Script/Array_Script/Arrayed_Data.cs
  artifactKey: Guid(67851453582aebb43b43927b5f19c8ef) Importer(815301076,1909f56bfc062723c751e8b465ee728b)
Start importing Assets/Script/Array_Script/Arrayed_Data.cs using Guid(67851453582aebb43b43927b5f19c8ef) Importer(815301076,1909f56bfc062723c751e8b465ee728b)  -> (artifact id: '39a3c5140d9f89350a07686108176f4e') in 0.010139 seconds
  Import took 0.014591 seconds .

========================================================================
Received Import Request.
  Time since last request: 0.000248 seconds.
  path: Assets/Script/Array_Script/NewBehaviourScript.cs
  artifactKey: Guid(99cfbc0fc9f54474cae8b930d9aa61b5) Importer(815301076,1909f56bfc062723c751e8b465ee728b)
Start importing Assets/Script/Array_Script/NewBehaviourScript.cs using Guid(99cfbc0fc9f54474cae8b930d9aa61b5) Importer(815301076,1909f56bfc062723c751e8b465ee728b)  -> (artifact id: '266d6941de6fd801748ade7c768f21b5') in 0.009864 seconds
  Import took 0.014452 seconds .

========================================================================
Received Import Request.
  Time since last request: 0.000287 seconds.
  path: Assets/Script/Array_Script/Arrayment_Manager.cs
  artifactKey: Guid(2bdc38c71d069cb4f997cd57a1eab181) Importer(815301076,1909f56bfc062723c751e8b465ee728b)
Start importing Assets/Script/Array_Script/Arrayment_Manager.cs using Guid(2bdc38c71d069cb4f997cd57a1eab181) Importer(815301076,1909f56bfc062723c751e8b465ee728b)  -> (artifact id: 'f9dc52f48528e541d46f79bb5a47b57c') in 0.008721 seconds
  Import took 0.014467 seconds .

========================================================================
Received Import Request.
  Time since last request: 44.194162 seconds.
  path: Assets/Script/Battle_Scene/BattleManager.cs
  artifactKey: Guid(0c44ea7f71b08cd42bb1a5b5e82ab440) Importer(815301076,1909f56bfc062723c751e8b465ee728b)
Start importing Assets/Script/Battle_Scene/BattleManager.cs using Guid(0c44ea7f71b08cd42bb1a5b5e82ab440) Importer(815301076,1909f56bfc062723c751e8b465ee728b)  -> (artifact id: '42f222576039146a5248ea940e0d2c55') in 0.016131 seconds
  Import took 0.024121 seconds .

========================================================================
Received Import Request.
  Time since last request: 0.001579 seconds.
  path: Assets/Script/Battle_Scene/BattleManager.cs
  artifactKey: Guid(0c44ea7f71b08cd42bb1a5b5e82ab440) Importer(815301076,1909f56bfc062723c751e8b465ee728b)
Start importing Assets/Script/Battle_Scene/BattleManager.cs using Guid(0c44ea7f71b08cd42bb1a5b5e82ab440) Importer(815301076,1909f56bfc062723c751e8b465ee728b)  -> (artifact id: '42f222576039146a5248ea940e0d2c55') in 0.003851 seconds
  Import took 0.007997 seconds .

========================================================================
Received Prepare
Registering precompiled user dll's ...
Registered in 0.007871 seconds.
Begin MonoManager ReloadAssembly
Native extension for WindowsStandalone target not found
Refreshing native plugins compatible for Editor in 0.54 ms, found 1 plugins.
Preloading 0 native plugins for Editor in 0.00 ms.
Mono: successfully reloaded assembly
- Completed reload, in  2.466 seconds
Platform modules already initialized, skipping
Refreshing native plugins compatible for Editor in 0.74 ms, found 1 plugins.
Preloading 0 native plugins for Editor in 0.00 ms.
Unloading 2191 Unused Serialized files (Serialized files now loaded: 0)
System memory in use before: 103.7 MB.
System memory in use after: 103.8 MB.

Unloading 12 unused Assets to reduce memory usage. Loaded Objects now: 2669.
Total: 3.223400 ms (FindLiveObjects: 0.286500 ms CreateObjectMapping: 0.101800 ms MarkObjects: 2.800000 ms  DeleteObjects: 0.033600 ms)

========================================================================
Received Prepare
Registering precompiled user dll's ...
Registered in 0.008200 seconds.
Begin MonoManager ReloadAssembly
Native extension for WindowsStandalone target not found
Refreshing native plugins compatible for Editor in 0.67 ms, found 1 plugins.
Preloading 0 native plugins for Editor in 0.00 ms.
Mono: successfully reloaded assembly
- Completed reload, in  1.337 seconds
Platform modules already initialized, skipping
Refreshing native plugins compatible for Editor in 0.49 ms, found 1 plugins.
Preloading 0 native plugins for Editor in 0.00 ms.
Unloading 2191 Unused Serialized files (Serialized files now loaded: 0)
System memory in use before: 103.8 MB.
System memory in use after: 103.9 MB.

Unloading 12 unused Assets to reduce memory usage. Loaded Objects now: 2674.
Total: 2.969200 ms (FindLiveObjects: 0.400300 ms CreateObjectMapping: 0.180800 ms MarkObjects: 2.352200 ms  DeleteObjects: 0.034300 ms)

========================================================================
Received Import Request.
  Time since last request: 10229.874231 seconds.
  path: Assets/Script/Battle_Scene/BattleManager.cs
  artifactKey: Guid(0c44ea7f71b08cd42bb1a5b5e82ab440) Importer(815301076,1909f56bfc062723c751e8b465ee728b)
Start importing Assets/Script/Battle_Scene/BattleManager.cs using Guid(0c44ea7f71b08cd42bb1a5b5e82ab440) Importer(815301076,1909f56bfc062723c751e8b465ee728b)  -> (artifact id: 'ec684932fe4cb0e194b29598a33d3ac3') in 0.015874 seconds
  Import took 0.023145 seconds .

========================================================================
Received Prepare
Registering precompiled user dll's ...
Registered in 0.006886 seconds.
Begin MonoManager ReloadAssembly
Native extension for WindowsStandalone target not found
Refreshing native plugins compatible for Editor in 0.44 ms, found 1 plugins.
Preloading 0 native plugins for Editor in 0.00 ms.
Mono: successfully reloaded assembly
- Completed reload, in  1.173 seconds
Platform modules already initialized, skipping
Refreshing native plugins compatible for Editor in 0.55 ms, found 1 plugins.
Preloading 0 native plugins for Editor in 0.00 ms.
Unloading 2191 Unused Serialized files (Serialized files now loaded: 0)
System memory in use before: 103.8 MB.
System memory in use after: 103.9 MB.

Unloading 12 unused Assets to reduce memory usage. Loaded Objects now: 2679.
Total: 3.106500 ms (FindLiveObjects: 0.242200 ms CreateObjectMapping: 0.108100 ms MarkObjects: 2.121200 ms  DeleteObjects: 0.633700 ms)

========================================================================
Received Prepare
Registering precompiled user dll's ...
Registered in 0.009084 seconds.
Begin MonoManager ReloadAssembly
Native extension for WindowsStandalone target not found
Refreshing native plugins compatible for Editor in 0.52 ms, found 1 plugins.
Preloading 0 native plugins for Editor in 0.00 ms.
Mono: successfully reloaded assembly
- Completed reload, in  1.317 seconds
Platform modules already initialized, skipping
Refreshing native plugins compatible for Editor in 0.51 ms, found 1 plugins.
Preloading 0 native plugins for Editor in 0.00 ms.
Unloading 2191 Unused Serialized files (Serialized files now loaded: 0)
System memory in use before: 103.8 MB.
System memory in use after: 103.9 MB.

Unloading 12 unused Assets to reduce memory usage. Loaded Objects now: 2684.
Total: 2.422300 ms (FindLiveObjects: 0.208800 ms CreateObjectMapping: 0.092200 ms MarkObjects: 2.099400 ms  DeleteObjects: 0.021000 ms)

========================================================================
Received Import Request.
  Time since last request: 780.613780 seconds.
  path: Assets/Script/Battle_Scene/BattleManager.cs
  artifactKey: Guid(0c44ea7f71b08cd42bb1a5b5e82ab440) Importer(815301076,1909f56bfc062723c751e8b465ee728b)
Start importing Assets/Script/Battle_Scene/BattleManager.cs using Guid(0c44ea7f71b08cd42bb1a5b5e82ab440) Importer(815301076,1909f56bfc062723c751e8b465ee728b)  -> (artifact id: 'ef8d8309ff8c09575c680a1bf935dfed') in 0.012978 seconds
  Import took 0.017625 seconds .

========================================================================
Received Import Request.
  Time since last request: 30.419945 seconds.
  path: Assets/Scene/Arrayment_Scene.unity
  artifactKey: Guid(9cd34926022b1a444bfa2980fb19d0ed) Importer(815301076,1909f56bfc062723c751e8b465ee728b)
Start importing Assets/Scene/Arrayment_Scene.unity using Guid(9cd34926022b1a444bfa2980fb19d0ed) Importer(815301076,1909f56bfc062723c751e8b465ee728b)  -> (artifact id: '7b25989ea45f2c2de246514c286d9604') in 0.033851 seconds
  Import took 0.039969 seconds .

========================================================================
Received Prepare
Registering precompiled user dll's ...
Registered in 0.008718 seconds.
Begin MonoManager ReloadAssembly
Native extension for WindowsStandalone target not found
Refreshing native plugins compatible for Editor in 0.46 ms, found 1 plugins.
Preloading 0 native plugins for Editor in 0.00 ms.
Mono: successfully reloaded assembly
- Completed reload, in  1.240 seconds
Platform modules already initialized, skipping
Refreshing native plugins compatible for Editor in 0.64 ms, found 1 plugins.
Preloading 0 native plugins for Editor in 0.00 ms.
Unloading 2191 Unused Serialized files (Serialized files now loaded: 0)
System memory in use before: 103.8 MB.
System memory in use after: 103.9 MB.

Unloading 12 unused Assets to reduce memory usage. Loaded Objects now: 2689.
Total: 2.500600 ms (FindLiveObjects: 0.206800 ms CreateObjectMapping: 0.088000 ms MarkObjects: 2.175300 ms  DeleteObjects: 0.029300 ms)

========================================================================
Received Prepare
Registering precompiled user dll's ...
Registered in 0.003938 seconds.
Begin MonoManager ReloadAssembly
Native extension for WindowsStandalone target not found
Refreshing native plugins compatible for Editor in 0.49 ms, found 1 plugins.
Preloading 0 native plugins for Editor in 0.00 ms.
Mono: successfully reloaded assembly
- Completed reload, in  1.174 seconds
Platform modules already initialized, skipping
Refreshing native plugins compatible for Editor in 0.48 ms, found 1 plugins.
Preloading 0 native plugins for Editor in 0.00 ms.
Unloading 2191 Unused Serialized files (Serialized files now loaded: 0)
System memory in use before: 103.8 MB.
System memory in use after: 104.0 MB.

Unloading 12 unused Assets to reduce memory usage. Loaded Objects now: 2694.
Total: 3.795000 ms (FindLiveObjects: 0.371600 ms CreateObjectMapping: 0.217400 ms MarkObjects: 3.174000 ms  DeleteObjects: 0.030700 ms)

========================================================================
Received Prepare
Registering precompiled user dll's ...
Registered in 0.006847 seconds.
Begin MonoManager ReloadAssembly
Native extension for WindowsStandalone target not found
Refreshing native plugins compatible for Editor in 0.43 ms, found 1 plugins.
Preloading 0 native plugins for Editor in 0.00 ms.
Mono: successfully reloaded assembly
- Completed reload, in  1.060 seconds
Platform modules already initialized, skipping
Refreshing native plugins compatible for Editor in 0.42 ms, found 1 plugins.
Preloading 0 native plugins for Editor in 0.00 ms.
Unloading 2191 Unused Serialized files (Serialized files now loaded: 0)
System memory in use before: 103.8 MB.
System memory in use after: 104.0 MB.

Unloading 12 unused Assets to reduce memory usage. Loaded Objects now: 2699.
Total: 2.273400 ms (FindLiveObjects: 0.200300 ms CreateObjectMapping: 0.093000 ms MarkObjects: 1.958100 ms  DeleteObjects: 0.021100 ms)

========================================================================
Received Prepare
Registering precompiled user dll's ...
Registered in 0.005410 seconds.
Begin MonoManager ReloadAssembly
Native extension for WindowsStandalone target not found
Refreshing native plugins compatible for Editor in 1.26 ms, found 1 plugins.
Preloading 0 native plugins for Editor in 0.00 ms.
Mono: successfully reloaded assembly
- Completed reload, in  1.050 seconds
Platform modules already initialized, skipping
Refreshing native plugins compatible for Editor in 0.44 ms, found 1 plugins.
Preloading 0 native plugins for Editor in 0.00 ms.
Unloading 2191 Unused Serialized files (Serialized files now loaded: 0)
System memory in use before: 103.9 MB.
System memory in use after: 104.0 MB.

Unloading 12 unused Assets to reduce memory usage. Loaded Objects now: 2704.
Total: 2.673400 ms (FindLiveObjects: 0.207400 ms CreateObjectMapping: 0.093200 ms MarkObjects: 2.353300 ms  DeleteObjects: 0.018700 ms)

========================================================================
Received Prepare
Registering precompiled user dll's ...
Registered in 0.006128 seconds.
Begin MonoManager ReloadAssembly
Native extension for WindowsStandalone target not found
Refreshing native plugins compatible for Editor in 0.57 ms, found 1 plugins.
Preloading 0 native plugins for Editor in 0.00 ms.
Mono: successfully reloaded assembly
- Completed reload, in  1.129 seconds
Platform modules already initialized, skipping
Refreshing native plugins compatible for Editor in 0.61 ms, found 1 plugins.
Preloading 0 native plugins for Editor in 0.00 ms.
Unloading 2191 Unused Serialized files (Serialized files now loaded: 0)
System memory in use before: 103.9 MB.
System memory in use after: 104.0 MB.

Unloading 12 unused Assets to reduce memory usage. Loaded Objects now: 2709.
Total: 2.341900 ms (FindLiveObjects: 0.209300 ms CreateObjectMapping: 0.095700 ms MarkObjects: 2.011600 ms  DeleteObjects: 0.024000 ms)

========================================================================
Received Prepare
Registering precompiled user dll's ...
Registered in 0.004335 seconds.
Begin MonoManager ReloadAssembly
Native extension for WindowsStandalone target not found
Refreshing native plugins compatible for Editor in 0.46 ms, found 1 plugins.
Preloading 0 native plugins for Editor in 0.00 ms.
Mono: successfully reloaded assembly
- Completed reload, in  1.283 seconds
Platform modules already initialized, skipping
Refreshing native plugins compatible for Editor in 0.58 ms, found 1 plugins.
Preloading 0 native plugins for Editor in 0.00 ms.
Unloading 2191 Unused Serialized files (Serialized files now loaded: 0)
System memory in use before: 103.9 MB.
System memory in use after: 104.0 MB.

Unloading 12 unused Assets to reduce memory usage. Loaded Objects now: 2714.
Total: 2.283900 ms (FindLiveObjects: 0.239700 ms CreateObjectMapping: 0.111200 ms MarkObjects: 1.913100 ms  DeleteObjects: 0.018500 ms)

========================================================================
Received Prepare
Registering precompiled user dll's ...
Registered in 0.005887 seconds.
Begin MonoManager ReloadAssembly
Native extension for WindowsStandalone target not found
Refreshing native plugins compatible for Editor in 0.52 ms, found 1 plugins.
Preloading 0 native plugins for Editor in 0.00 ms.
Mono: successfully reloaded assembly
- Completed reload, in  1.415 seconds
Platform modules already initialized, skipping
Refreshing native plugins compatible for Editor in 0.48 ms, found 1 plugins.
Preloading 0 native plugins for Editor in 0.00 ms.
Unloading 2191 Unused Serialized files (Serialized files now loaded: 0)
System memory in use before: 104.0 MB.
System memory in use after: 104.1 MB.

Unloading 12 unused Assets to reduce memory usage. Loaded Objects now: 2719.
Total: 2.629000 ms (FindLiveObjects: 0.406700 ms CreateObjectMapping: 0.140000 ms MarkObjects: 2.057800 ms  DeleteObjects: 0.023500 ms)

========================================================================
Received Prepare
Registering precompiled user dll's ...
Registered in 0.006555 seconds.
Begin MonoManager ReloadAssembly
Native extension for WindowsStandalone target not found
Refreshing native plugins compatible for Editor in 0.46 ms, found 1 plugins.
Preloading 0 native plugins for Editor in 0.00 ms.
Mono: successfully reloaded assembly
- Completed reload, in  1.184 seconds
Platform modules already initialized, skipping
Refreshing native plugins compatible for Editor in 0.53 ms, found 1 plugins.
Preloading 0 native plugins for Editor in 0.00 ms.
Unloading 2191 Unused Serialized files (Serialized files now loaded: 0)
System memory in use before: 104.0 MB.
System memory in use after: 104.2 MB.

Unloading 12 unused Assets to reduce memory usage. Loaded Objects now: 2724.
Total: 2.085900 ms (FindLiveObjects: 0.217800 ms CreateObjectMapping: 0.095900 ms MarkObjects: 1.754400 ms  DeleteObjects: 0.017100 ms)

========================================================================
Received Prepare
Registering precompiled user dll's ...
Registered in 0.006276 seconds.
Begin MonoManager ReloadAssembly
Native extension for WindowsStandalone target not found
Refreshing native plugins compatible for Editor in 0.50 ms, found 1 plugins.
Preloading 0 native plugins for Editor in 0.00 ms.
Mono: successfully reloaded assembly
- Completed reload, in  1.210 seconds
Platform modules already initialized, skipping
Refreshing native plugins compatible for Editor in 0.45 ms, found 1 plugins.
Preloading 0 native plugins for Editor in 0.00 ms.
Unloading 2191 Unused Serialized files (Serialized files now loaded: 0)
System memory in use before: 104.0 MB.
System memory in use after: 104.2 MB.

Unloading 12 unused Assets to reduce memory usage. Loaded Objects now: 2729.
Total: 2.885100 ms (FindLiveObjects: 0.239200 ms CreateObjectMapping: 0.105700 ms MarkObjects: 2.518900 ms  DeleteObjects: 0.020400 ms)

========================================================================
Received Prepare
Registering precompiled user dll's ...
Registered in 0.006205 seconds.
Begin MonoManager ReloadAssembly
Native extension for WindowsStandalone target not found
Refreshing native plugins compatible for Editor in 0.54 ms, found 1 plugins.
Preloading 0 native plugins for Editor in 0.00 ms.
Mono: successfully reloaded assembly
- Completed reload, in  1.230 seconds
Platform modules already initialized, skipping
Refreshing native plugins compatible for Editor in 0.61 ms, found 1 plugins.
Preloading 0 native plugins for Editor in 0.00 ms.
Unloading 2191 Unused Serialized files (Serialized files now loaded: 0)
System memory in use before: 104.0 MB.
System memory in use after: 104.2 MB.

Unloading 12 unused Assets to reduce memory usage. Loaded Objects now: 2734.
Total: 3.255000 ms (FindLiveObjects: 0.444800 ms CreateObjectMapping: 0.218400 ms MarkObjects: 2.566400 ms  DeleteObjects: 0.024100 ms)

========================================================================
Received Prepare
Registering precompiled user dll's ...
Registered in 0.005665 seconds.
Begin MonoManager ReloadAssembly
Native extension for WindowsStandalone target not found
Refreshing native plugins compatible for Editor in 0.44 ms, found 1 plugins.
Preloading 0 native plugins for Editor in 0.00 ms.
Mono: successfully reloaded assembly
- Completed reload, in  1.112 seconds
Platform modules already initialized, skipping
Refreshing native plugins compatible for Editor in 0.47 ms, found 1 plugins.
Preloading 0 native plugins for Editor in 0.00 ms.
Unloading 2191 Unused Serialized files (Serialized files now loaded: 0)
System memory in use before: 104.0 MB.
System memory in use after: 104.2 MB.

Unloading 12 unused Assets to reduce memory usage. Loaded Objects now: 2739.
Total: 2.255600 ms (FindLiveObjects: 0.314400 ms CreateObjectMapping: 0.202400 ms MarkObjects: 1.722000 ms  DeleteObjects: 0.015800 ms)

========================================================================
Received Prepare
Registering precompiled user dll's ...
Registered in 0.006733 seconds.
Begin MonoManager ReloadAssembly
Native extension for WindowsStandalone target not found
Refreshing native plugins compatible for Editor in 0.46 ms, found 1 plugins.
Preloading 0 native plugins for Editor in 0.00 ms.
Mono: successfully reloaded assembly
- Completed reload, in  1.175 seconds
Platform modules already initialized, skipping
Refreshing native plugins compatible for Editor in 0.51 ms, found 1 plugins.
Preloading 0 native plugins for Editor in 0.00 ms.
Unloading 2191 Unused Serialized files (Serialized files now loaded: 0)
System memory in use before: 104.0 MB.
System memory in use after: 104.2 MB.

Unloading 12 unused Assets to reduce memory usage. Loaded Objects now: 2744.
Total: 2.100000 ms (FindLiveObjects: 0.213000 ms CreateObjectMapping: 0.090700 ms MarkObjects: 1.781000 ms  DeleteObjects: 0.014500 ms)

========================================================================
Received Prepare
Registering precompiled user dll's ...
Registered in 0.007306 seconds.
Begin MonoManager ReloadAssembly
Native extension for WindowsStandalone target not found
Refreshing native plugins compatible for Editor in 0.41 ms, found 1 plugins.
Preloading 0 native plugins for Editor in 0.00 ms.
Mono: successfully reloaded assembly
- Completed reload, in  1.213 seconds
Platform modules already initialized, skipping
Refreshing native plugins compatible for Editor in 0.60 ms, found 1 plugins.
Preloading 0 native plugins for Editor in 0.00 ms.
Unloading 2191 Unused Serialized files (Serialized files now loaded: 0)
System memory in use before: 104.0 MB.
System memory in use after: 104.2 MB.

Unloading 12 unused Assets to reduce memory usage. Loaded Objects now: 2749.
Total: 3.021700 ms (FindLiveObjects: 0.394100 ms CreateObjectMapping: 0.173700 ms MarkObjects: 2.422000 ms  DeleteObjects: 0.030000 ms)

AssetImportWorkerClient::OnTransportError - code=2 error=End of file
