Using pre-set license
Built from '2020.3/release' branch; Version is '2020.3.7f1 (dd97f2c94397) revision 14522354'; Using compiler version '192528614'; Build Type 'Release'
OS: 'Windows 10 Pro; OS build 19042.1110; Version 2009; 64bit' Language: 'ko' Physical Memory: 16240 MB
BatchMode: 1, IsHumanControllingUs: 0, StartBugReporterOnCrash: 0, Is64bit: 1, IsPro: 0

 COMMAND LINE ARGUMENTS:
C:\Program Files\2020.3.7f1\Editor\Unity.exe
-adb2
-batchMode
-noUpm
-name
AssetImportWorker0
-projectPath
C:/Users/hyunb/Documents/Github/LoG_Prototype/GridSader_Prototype
-logFile
Logs/AssetImportWorker0.log
-srvPort
11076
Successfully changed project path to: C:/Users/hyunb/Documents/Github/LoG_Prototype/GridSader_Prototype
C:/Users/hyunb/Documents/Github/LoG_Prototype/GridSader_Prototype
Using Asset Import Pipeline V2.
Refreshing native plugins compatible for Editor in 49.20 ms, found 1 plugins.
Preloading 0 native plugins for Editor in 0.00 ms.
Initialize engine version: 2020.3.7f1 (dd97f2c94397)
[Subsystems] Discovering subsystems at path C:/Program Files/2020.3.7f1/Editor/Data/Resources/UnitySubsystems
[Subsystems] Discovering subsystems at path C:/Users/hyunb/Documents/Github/LoG_Prototype/GridSader_Prototype/Assets
GfxDevice: creating device client; threaded=0
Direct3D:
    Version:  Direct3D 11.0 [level 11.1]
    Renderer: NVIDIA GeForce GTX 1060 (ID=0x1c20)
    Vendor:   
    VRAM:     6052 MB
    Driver:   30.0.14.7111
Initialize mono
Mono path[0] = 'C:/Program Files/2020.3.7f1/Editor/Data/Managed'
Mono path[1] = 'C:/Program Files/2020.3.7f1/Editor/Data/MonoBleedingEdge/lib/mono/unityjit'
Mono config path = 'C:/Program Files/2020.3.7f1/Editor/Data/MonoBleedingEdge/etc'
Using monoOptions --debugger-agent=transport=dt_socket,embedding=1,server=y,suspend=n,address=127.0.0.1:56608
Begin MonoManager ReloadAssembly
Registering precompiled unity dll's ...
Register platform support module: C:/Program Files/2020.3.7f1/Editor/Data/PlaybackEngines/WindowsStandaloneSupport/UnityEditor.WindowsStandalone.Extensions.dll
Registered in 0.003204 seconds.
Native extension for WindowsStandalone target not found
Refreshing native plugins compatible for Editor in 58.57 ms, found 1 plugins.
Preloading 0 native plugins for Editor in 0.00 ms.
Mono: successfully reloaded assembly
- Completed reload, in  2.681 seconds
Platform modules already initialized, skipping
Registering precompiled user dll's ...
Registered in 0.134944 seconds.
Begin MonoManager ReloadAssembly
Native extension for WindowsStandalone target not found
Refreshing native plugins compatible for Editor in 75.60 ms, found 1 plugins.
Preloading 0 native plugins for Editor in 0.00 ms.
Mono: successfully reloaded assembly
- Completed reload, in  1.290 seconds
Platform modules already initialized, skipping
========================================================================
Worker process is ready to serve import requests
Launched and connected shader compiler UnityShaderCompiler.exe after 0.12 seconds
Refreshing native plugins compatible for Editor in 0.46 ms, found 1 plugins.
Preloading 0 native plugins for Editor in 0.00 ms.
Unloading 2124 Unused Serialized files (Serialized files now loaded: 0)
System memory in use before: 100.5 MB.
System memory in use after: 100.5 MB.

Unloading 25 unused Assets to reduce memory usage. Loaded Objects now: 2573.
Total: 3.537300 ms (FindLiveObjects: 0.252100 ms CreateObjectMapping: 0.117900 ms MarkObjects: 3.065600 ms  DeleteObjects: 0.099700 ms)

========================================================================
Received Import Request.
  path: Assets/Script/Battle_Scene/Character_Script.cs
  artifactKey: Guid(d870437503baab74f95009ca99c3c530) Importer(815301076,1909f56bfc062723c751e8b465ee728b)
Start importing Assets/Script/Battle_Scene/Character_Script.cs using Guid(d870437503baab74f95009ca99c3c530) Importer(815301076,1909f56bfc062723c751e8b465ee728b)  -> (artifact id: '8a46a545a02a2aa22a0488d3c821c5a8') in 0.056669 seconds
  Import took 0.061696 seconds .

========================================================================
Received Prepare
Refreshing native plugins compatible for Editor in 4.15 ms, found 1 plugins.
Preloading 0 native plugins for Editor in 0.00 ms.
Unloading 10 Unused Serialized files (Serialized files now loaded: 0)
System memory in use before: 57.1 MB.
System memory in use after: 57.2 MB.

Unloading 10 unused Assets to reduce memory usage. Loaded Objects now: 2573.
Total: 2.054400 ms (FindLiveObjects: 0.287400 ms CreateObjectMapping: 0.117600 ms MarkObjects: 1.633700 ms  DeleteObjects: 0.014400 ms)

========================================================================
Received Import Request.
  Time since last request: 7.542479 seconds.
  path: Assets/Script/Battle_Scene/BattleManager.cs
  artifactKey: Guid(0c44ea7f71b08cd42bb1a5b5e82ab440) Importer(815301076,1909f56bfc062723c751e8b465ee728b)
Start importing Assets/Script/Battle_Scene/BattleManager.cs using Guid(0c44ea7f71b08cd42bb1a5b5e82ab440) Importer(815301076,1909f56bfc062723c751e8b465ee728b)  -> (artifact id: '4741f7dd3f58f84efd6a1636f981cde6') in 0.061092 seconds
  Import took 0.069452 seconds .

========================================================================
Received Import Request.
  Time since last request: 606.990218 seconds.
  path: Assets/Script/Battle_Scene/BattleManager.cs
  artifactKey: Guid(0c44ea7f71b08cd42bb1a5b5e82ab440) Importer(815301076,1909f56bfc062723c751e8b465ee728b)
Start importing Assets/Script/Battle_Scene/BattleManager.cs using Guid(0c44ea7f71b08cd42bb1a5b5e82ab440) Importer(815301076,1909f56bfc062723c751e8b465ee728b)  -> (artifact id: 'af70398a1642b87b6a7b0f9387bb3501') in 0.006195 seconds
  Import took 0.011872 seconds .

========================================================================
Received Prepare
Registering precompiled user dll's ...
Registered in 0.004121 seconds.
Begin MonoManager ReloadAssembly
Native extension for WindowsStandalone target not found
Refreshing native plugins compatible for Editor in 0.48 ms, found 1 plugins.
Preloading 0 native plugins for Editor in 0.00 ms.
Mono: successfully reloaded assembly
- Completed reload, in  0.931 seconds
Platform modules already initialized, skipping
Refreshing native plugins compatible for Editor in 0.44 ms, found 1 plugins.
Preloading 0 native plugins for Editor in 0.00 ms.
Unloading 2100 Unused Serialized files (Serialized files now loaded: 0)
System memory in use before: 98.6 MB.
System memory in use after: 98.7 MB.

Unloading 12 unused Assets to reduce memory usage. Loaded Objects now: 2578.
Total: 1.972400 ms (FindLiveObjects: 0.178300 ms CreateObjectMapping: 0.074600 ms MarkObjects: 1.704000 ms  DeleteObjects: 0.014700 ms)

========================================================================
Received Prepare
Registering precompiled user dll's ...
Registered in 0.004532 seconds.
Begin MonoManager ReloadAssembly
Native extension for WindowsStandalone target not found
Refreshing native plugins compatible for Editor in 0.41 ms, found 1 plugins.
Preloading 0 native plugins for Editor in 0.00 ms.
Mono: successfully reloaded assembly
- Completed reload, in  0.924 seconds
Platform modules already initialized, skipping
Refreshing native plugins compatible for Editor in 0.43 ms, found 1 plugins.
Preloading 0 native plugins for Editor in 0.00 ms.
Unloading 2100 Unused Serialized files (Serialized files now loaded: 0)
System memory in use before: 98.6 MB.
System memory in use after: 98.7 MB.

Unloading 12 unused Assets to reduce memory usage. Loaded Objects now: 2583.
Total: 2.570000 ms (FindLiveObjects: 0.191400 ms CreateObjectMapping: 0.081900 ms MarkObjects: 2.274200 ms  DeleteObjects: 0.021500 ms)

========================================================================
Received Import Request.
  Time since last request: 569.607819 seconds.
  path: Assets/Script/Battle_Scene/BattleManager.cs
  artifactKey: Guid(0c44ea7f71b08cd42bb1a5b5e82ab440) Importer(815301076,1909f56bfc062723c751e8b465ee728b)
Start importing Assets/Script/Battle_Scene/BattleManager.cs using Guid(0c44ea7f71b08cd42bb1a5b5e82ab440) Importer(815301076,1909f56bfc062723c751e8b465ee728b)  -> (artifact id: '2c7a9eb549d39f7e4aba7e17df81add9') in 0.010003 seconds
  Import took 0.013160 seconds .

========================================================================
Received Prepare
Registering precompiled user dll's ...
Registered in 0.003988 seconds.
Begin MonoManager ReloadAssembly
Native extension for WindowsStandalone target not found
Refreshing native plugins compatible for Editor in 0.46 ms, found 1 plugins.
Preloading 0 native plugins for Editor in 0.00 ms.
Mono: successfully reloaded assembly
- Completed reload, in  0.917 seconds
Platform modules already initialized, skipping
Refreshing native plugins compatible for Editor in 0.44 ms, found 1 plugins.
Preloading 0 native plugins for Editor in 0.00 ms.
Unloading 2100 Unused Serialized files (Serialized files now loaded: 0)
System memory in use before: 98.6 MB.
System memory in use after: 98.7 MB.

Unloading 12 unused Assets to reduce memory usage. Loaded Objects now: 2588.
Total: 1.842100 ms (FindLiveObjects: 0.189100 ms CreateObjectMapping: 0.074500 ms MarkObjects: 1.562300 ms  DeleteObjects: 0.015300 ms)

========================================================================
Received Prepare
Registering precompiled user dll's ...
Registered in 0.005164 seconds.
Begin MonoManager ReloadAssembly
Native extension for WindowsStandalone target not found
Refreshing native plugins compatible for Editor in 0.42 ms, found 1 plugins.
Preloading 0 native plugins for Editor in 0.00 ms.
Mono: successfully reloaded assembly
- Completed reload, in  1.095 seconds
Platform modules already initialized, skipping
Refreshing native plugins compatible for Editor in 0.45 ms, found 1 plugins.
Preloading 0 native plugins for Editor in 0.00 ms.
Unloading 2100 Unused Serialized files (Serialized files now loaded: 0)
System memory in use before: 98.6 MB.
System memory in use after: 98.8 MB.

Unloading 12 unused Assets to reduce memory usage. Loaded Objects now: 2593.
Total: 2.229300 ms (FindLiveObjects: 0.185900 ms CreateObjectMapping: 0.078500 ms MarkObjects: 1.947700 ms  DeleteObjects: 0.016000 ms)

AssetImportWorkerClient::OnTransportError - code=2 error=End of file
