Using pre-set license
Built from '2020.3/release' branch; Version is '2020.3.7f1 (dd97f2c94397) revision 14522354'; Using compiler version '192528614'; Build Type 'Release'
OS: 'Windows 10 Pro; OS build 19042.1288; Version 2009; 64bit' Language: 'ko' Physical Memory: 16240 MB
BatchMode: 1, IsHumanControllingUs: 0, StartBugReporterOnCrash: 0, Is64bit: 1, IsPro: 0

 COMMAND LINE ARGUMENTS:
C:\Program Files\2020.3.7f1\Editor\Unity.exe
-adb2
-batchMode
-noUpm
-name
AssetImportWorker0
-projectPath
C:/Users/hyunb/Documents/Github/LoG/LoG
-logFile
Logs/AssetImportWorker0.log
-srvPort
6230
Successfully changed project path to: C:/Users/hyunb/Documents/Github/LoG/LoG
C:/Users/hyunb/Documents/Github/LoG/LoG
Using Asset Import Pipeline V2.
Refreshing native plugins compatible for Editor in 45.17 ms, found 1 plugins.
Preloading 0 native plugins for Editor in 0.00 ms.
Initialize engine version: 2020.3.7f1 (dd97f2c94397)
[Subsystems] Discovering subsystems at path C:/Program Files/2020.3.7f1/Editor/Data/Resources/UnitySubsystems
[Subsystems] Discovering subsystems at path C:/Users/hyunb/Documents/Github/LoG/LoG/Assets
GfxDevice: creating device client; threaded=0
Direct3D:
    Version:  Direct3D 11.0 [level 11.1]
    Renderer: NVIDIA GeForce GTX 1060 (ID=0x1c20)
    Vendor:   
    VRAM:     6052 MB
    Driver:   30.0.14.9613
Initialize mono
Mono path[0] = 'C:/Program Files/2020.3.7f1/Editor/Data/Managed'
Mono path[1] = 'C:/Program Files/2020.3.7f1/Editor/Data/MonoBleedingEdge/lib/mono/unityjit'
Mono config path = 'C:/Program Files/2020.3.7f1/Editor/Data/MonoBleedingEdge/etc'
Using monoOptions --debugger-agent=transport=dt_socket,embedding=1,server=y,suspend=n,address=127.0.0.1:56572
Begin MonoManager ReloadAssembly
Registering precompiled unity dll's ...
Register platform support module: C:/Program Files/2020.3.7f1/Editor/Data/PlaybackEngines/WindowsStandaloneSupport/UnityEditor.WindowsStandalone.Extensions.dll
Registered in 0.003478 seconds.
Native extension for WindowsStandalone target not found
Refreshing native plugins compatible for Editor in 42.44 ms, found 1 plugins.
Preloading 0 native plugins for Editor in 0.00 ms.
Mono: successfully reloaded assembly
- Completed reload, in  2.364 seconds
Platform modules already initialized, skipping
Registering precompiled user dll's ...
Registered in 0.004839 seconds.
Begin MonoManager ReloadAssembly
Native extension for WindowsStandalone target not found
Refreshing native plugins compatible for Editor in 48.09 ms, found 1 plugins.
Preloading 0 native plugins for Editor in 0.00 ms.
Mono: successfully reloaded assembly
- Completed reload, in  1.060 seconds
Platform modules already initialized, skipping
========================================================================
Worker process is ready to serve import requests
Launched and connected shader compiler UnityShaderCompiler.exe after 0.05 seconds
Refreshing native plugins compatible for Editor in 0.42 ms, found 1 plugins.
Preloading 0 native plugins for Editor in 0.00 ms.
Unloading 2241 Unused Serialized files (Serialized files now loaded: 0)
System memory in use before: 104.8 MB.
System memory in use after: 104.9 MB.

Unloading 25 unused Assets to reduce memory usage. Loaded Objects now: 2686.
Total: 2.100000 ms (FindLiveObjects: 0.189600 ms CreateObjectMapping: 0.097100 ms MarkObjects: 1.751200 ms  DeleteObjects: 0.061300 ms)

========================================================================
Received Import Request.
  path: Assets/Scene/BattleScene.unity
  artifactKey: Guid(5b0f02642d9e63244adeaa6ea7c5d87f) Importer(815301076,1909f56bfc062723c751e8b465ee728b)
Start importing Assets/Scene/BattleScene.unity using Guid(5b0f02642d9e63244adeaa6ea7c5d87f) Importer(815301076,1909f56bfc062723c751e8b465ee728b)  -> (artifact id: 'd29cff68b274aec5624fcd1f5216dd82') in 0.017892 seconds
  Import took 0.021337 seconds .

========================================================================
Received Prepare
Refreshing native plugins compatible for Editor in 4.30 ms, found 1 plugins.
Preloading 0 native plugins for Editor in 0.00 ms.
Unloading 10 Unused Serialized files (Serialized files now loaded: 0)
System memory in use before: 59.1 MB.
System memory in use after: 59.3 MB.

Unloading 10 unused Assets to reduce memory usage. Loaded Objects now: 2686.
Total: 2.810800 ms (FindLiveObjects: 0.203600 ms CreateObjectMapping: 0.078000 ms MarkObjects: 2.508800 ms  DeleteObjects: 0.019400 ms)

========================================================================
Received Prepare
Registering precompiled user dll's ...
Registered in 0.009409 seconds.
Begin MonoManager ReloadAssembly
Native extension for WindowsStandalone target not found
Refreshing native plugins compatible for Editor in 0.54 ms, found 1 plugins.
Preloading 0 native plugins for Editor in 0.00 ms.
Mono: successfully reloaded assembly
- Completed reload, in  1.811 seconds
Platform modules already initialized, skipping
Switching build target platform(5) subTarget(0) extendedPlatform(0) -> platform(13) subTarget(537395200) extendedPlatform(0)
Refreshing native plugins compatible for Editor in 0.91 ms, found 1 plugins.
Preloading 0 native plugins for Editor in 0.00 ms.
Unloading 2220 Unused Serialized files (Serialized files now loaded: 0)
System memory in use before: 102.9 MB.
System memory in use after: 103.0 MB.

Unloading 12 unused Assets to reduce memory usage. Loaded Objects now: 2691.
Total: 3.175300 ms (FindLiveObjects: 0.274500 ms CreateObjectMapping: 0.150800 ms MarkObjects: 2.705100 ms  DeleteObjects: 0.042600 ms)

AssetImportParameters requested are different than current active one (requested -> active):
  custom:graphics/normal-map-encoding: 01000000000000000000000000000000 -> 02000000000000000000000000000000
========================================================================
Received Import Request.
  Time since last request: 625.432318 seconds.
  path: Assets/Scene/BattleScene.unity
  artifactKey: Guid(5b0f02642d9e63244adeaa6ea7c5d87f) Importer(815301076,1909f56bfc062723c751e8b465ee728b)
Start importing Assets/Scene/BattleScene.unity using Guid(5b0f02642d9e63244adeaa6ea7c5d87f) Importer(815301076,1909f56bfc062723c751e8b465ee728b)  -> (artifact id: '417a9dc6e05b5ad9a6ca2dbaeffed176') in 0.015382 seconds
  Import took 0.019780 seconds .

========================================================================
Received Import Request.
  Time since last request: 18.718343 seconds.
  path: Assets/Scene/Arrayment_Scene.unity
  artifactKey: Guid(9cd34926022b1a444bfa2980fb19d0ed) Importer(815301076,1909f56bfc062723c751e8b465ee728b)
Start importing Assets/Scene/Arrayment_Scene.unity using Guid(9cd34926022b1a444bfa2980fb19d0ed) Importer(815301076,1909f56bfc062723c751e8b465ee728b)  -> (artifact id: '876e9b3fe448e2364707086251ba14ab') in 0.016791 seconds
  Import took 0.020109 seconds .

========================================================================
Received Import Request.
  Time since last request: 4.836738 seconds.
  path: Assets/Scene/BattleScene.unity
  artifactKey: Guid(5b0f02642d9e63244adeaa6ea7c5d87f) Importer(815301076,1909f56bfc062723c751e8b465ee728b)
Start importing Assets/Scene/BattleScene.unity using Guid(5b0f02642d9e63244adeaa6ea7c5d87f) Importer(815301076,1909f56bfc062723c751e8b465ee728b)  -> (artifact id: 'f9dfc6d4f9c8acab66a09bab79742b93') in 0.007289 seconds
  Import took 0.010460 seconds .

========================================================================
Received Prepare
Registering precompiled user dll's ...
Registered in 0.012873 seconds.
Begin MonoManager ReloadAssembly
Native extension for WindowsStandalone target not found
Refreshing native plugins compatible for Editor in 0.61 ms, found 1 plugins.
Preloading 0 native plugins for Editor in 0.00 ms.
Mono: successfully reloaded assembly
- Completed reload, in  2.875 seconds
Platform modules already initialized, skipping
Switching build target platform(5) subTarget(0) extendedPlatform(0) -> platform(13) subTarget(537395200) extendedPlatform(0)
Refreshing native plugins compatible for Editor in 0.74 ms, found 1 plugins.
Preloading 0 native plugins for Editor in 0.00 ms.
Unloading 2220 Unused Serialized files (Serialized files now loaded: 0)
System memory in use before: 103.0 MB.
System memory in use after: 103.1 MB.

Unloading 12 unused Assets to reduce memory usage. Loaded Objects now: 2696.
Total: 2.239000 ms (FindLiveObjects: 0.220300 ms CreateObjectMapping: 0.092400 ms MarkObjects: 1.901400 ms  DeleteObjects: 0.023400 ms)

AssetImportParameters requested are different than current active one (requested -> active):
  custom:graphics/normal-map-encoding: 01000000000000000000000000000000 -> 02000000000000000000000000000000
========================================================================
Received Prepare
Registering precompiled user dll's ...
Registered in 0.005429 seconds.
Begin MonoManager ReloadAssembly
Native extension for WindowsStandalone target not found
Refreshing native plugins compatible for Editor in 0.48 ms, found 1 plugins.
Preloading 0 native plugins for Editor in 0.00 ms.
Mono: successfully reloaded assembly
- Completed reload, in  1.021 seconds
Platform modules already initialized, skipping
Switching build target platform(5) subTarget(0) extendedPlatform(0) -> platform(13) subTarget(537395200) extendedPlatform(0)
Refreshing native plugins compatible for Editor in 0.43 ms, found 1 plugins.
Preloading 0 native plugins for Editor in 0.00 ms.
Unloading 2220 Unused Serialized files (Serialized files now loaded: 0)
System memory in use before: 103.0 MB.
System memory in use after: 103.1 MB.

Unloading 12 unused Assets to reduce memory usage. Loaded Objects now: 2701.
Total: 2.066800 ms (FindLiveObjects: 0.212300 ms CreateObjectMapping: 0.103800 ms MarkObjects: 1.729500 ms  DeleteObjects: 0.020400 ms)

AssetImportParameters requested are different than current active one (requested -> active):
  custom:graphics/normal-map-encoding: 01000000000000000000000000000000 -> 02000000000000000000000000000000
========================================================================
Received Prepare
Registering precompiled user dll's ...
Registered in 0.004803 seconds.
Begin MonoManager ReloadAssembly
Native extension for WindowsStandalone target not found
Refreshing native plugins compatible for Editor in 0.45 ms, found 1 plugins.
Preloading 0 native plugins for Editor in 0.00 ms.
Mono: successfully reloaded assembly
- Completed reload, in  1.116 seconds
Platform modules already initialized, skipping
Switching build target platform(5) subTarget(0) extendedPlatform(0) -> platform(13) subTarget(537395200) extendedPlatform(0)
Refreshing native plugins compatible for Editor in 0.46 ms, found 1 plugins.
Preloading 0 native plugins for Editor in 0.00 ms.
Unloading 2220 Unused Serialized files (Serialized files now loaded: 0)
System memory in use before: 103.0 MB.
System memory in use after: 103.1 MB.

Unloading 12 unused Assets to reduce memory usage. Loaded Objects now: 2706.
Total: 2.004800 ms (FindLiveObjects: 0.212900 ms CreateObjectMapping: 0.110500 ms MarkObjects: 1.661900 ms  DeleteObjects: 0.018700 ms)

AssetImportParameters requested are different than current active one (requested -> active):
  custom:graphics/normal-map-encoding: 01000000000000000000000000000000 -> 02000000000000000000000000000000
========================================================================
Received Import Request.
  Time since last request: 325.662925 seconds.
  path: Assets/Photon/PhotonUnityNetworking/Resources/PhotonServerSettings.asset
  artifactKey: Guid(76d879b8fa8a1374fa9e3c30b16fff45) Importer(815301076,1909f56bfc062723c751e8b465ee728b)
Start importing Assets/Photon/PhotonUnityNetworking/Resources/PhotonServerSettings.asset using Guid(76d879b8fa8a1374fa9e3c30b16fff45) Importer(815301076,1909f56bfc062723c751e8b465ee728b)  -> (artifact id: '8976f2f21dfe3bf4f8410d56886a3f85') in 0.057375 seconds
  Import took 0.063085 seconds .

========================================================================
Received Import Request.
  Time since last request: 0.016554 seconds.
  path: Assets/Photon/PhotonUnityNetworking/Resources/PhotonServerSettings.asset
  artifactKey: Guid(76d879b8fa8a1374fa9e3c30b16fff45) Importer(815301076,1909f56bfc062723c751e8b465ee728b)
Start importing Assets/Photon/PhotonUnityNetworking/Resources/PhotonServerSettings.asset using Guid(76d879b8fa8a1374fa9e3c30b16fff45) Importer(815301076,1909f56bfc062723c751e8b465ee728b)  -> (artifact id: '8976f2f21dfe3bf4f8410d56886a3f85') in 0.008783 seconds
  Import took 0.015260 seconds .

========================================================================
Received Prepare
Registering precompiled user dll's ...
Registered in 0.005293 seconds.
Begin MonoManager ReloadAssembly
Native extension for WindowsStandalone target not found
Refreshing native plugins compatible for Editor in 0.44 ms, found 1 plugins.
Preloading 0 native plugins for Editor in 0.00 ms.
Mono: successfully reloaded assembly
- Completed reload, in  1.030 seconds
Platform modules already initialized, skipping
Switching build target platform(5) subTarget(0) extendedPlatform(0) -> platform(13) subTarget(537395200) extendedPlatform(0)
Refreshing native plugins compatible for Editor in 0.43 ms, found 1 plugins.
Preloading 0 native plugins for Editor in 0.00 ms.
Unloading 2220 Unused Serialized files (Serialized files now loaded: 0)
System memory in use before: 103.1 MB.
System memory in use after: 103.2 MB.

Unloading 12 unused Assets to reduce memory usage. Loaded Objects now: 2711.
Total: 2.294600 ms (FindLiveObjects: 0.218700 ms CreateObjectMapping: 0.086600 ms MarkObjects: 1.971900 ms  DeleteObjects: 0.014800 ms)

AssetImportParameters requested are different than current active one (requested -> active):
  custom:graphics/normal-map-encoding: 01000000000000000000000000000000 -> 02000000000000000000000000000000
========================================================================
Received Import Request.
  Time since last request: 231.207695 seconds.
  path: Assets/Scene/Arrayment_Scene.unity
  artifactKey: Guid(9cd34926022b1a444bfa2980fb19d0ed) Importer(815301076,1909f56bfc062723c751e8b465ee728b)
Start importing Assets/Scene/Arrayment_Scene.unity using Guid(9cd34926022b1a444bfa2980fb19d0ed) Importer(815301076,1909f56bfc062723c751e8b465ee728b)  -> (artifact id: 'a46ffd624f308d6b711fd961fa014ec2') in 0.016187 seconds
  Import took 0.021470 seconds .

========================================================================
Received Prepare
Registering precompiled user dll's ...
Registered in 0.006301 seconds.
Begin MonoManager ReloadAssembly
Native extension for WindowsStandalone target not found
Refreshing native plugins compatible for Editor in 0.53 ms, found 1 plugins.
Preloading 0 native plugins for Editor in 0.00 ms.
Mono: successfully reloaded assembly
- Completed reload, in  1.040 seconds
Platform modules already initialized, skipping
Switching build target platform(5) subTarget(0) extendedPlatform(0) -> platform(13) subTarget(537395200) extendedPlatform(0)
Refreshing native plugins compatible for Editor in 0.44 ms, found 1 plugins.
Preloading 0 native plugins for Editor in 0.00 ms.
Unloading 2220 Unused Serialized files (Serialized files now loaded: 0)
System memory in use before: 103.1 MB.
System memory in use after: 103.3 MB.

Unloading 12 unused Assets to reduce memory usage. Loaded Objects now: 2716.
Total: 1.997100 ms (FindLiveObjects: 0.213200 ms CreateObjectMapping: 0.087600 ms MarkObjects: 1.680100 ms  DeleteObjects: 0.015200 ms)

AssetImportParameters requested are different than current active one (requested -> active):
  custom:graphics/normal-map-encoding: 01000000000000000000000000000000 -> 02000000000000000000000000000000
========================================================================
Received Prepare
Registering precompiled user dll's ...
Registered in 0.004777 seconds.
Begin MonoManager ReloadAssembly
Native extension for WindowsStandalone target not found
Refreshing native plugins compatible for Editor in 0.45 ms, found 1 plugins.
Preloading 0 native plugins for Editor in 0.00 ms.
Mono: successfully reloaded assembly
- Completed reload, in  1.008 seconds
Platform modules already initialized, skipping
Switching build target platform(5) subTarget(0) extendedPlatform(0) -> platform(13) subTarget(537395200) extendedPlatform(0)
Refreshing native plugins compatible for Editor in 0.43 ms, found 1 plugins.
Preloading 0 native plugins for Editor in 0.00 ms.
Unloading 2220 Unused Serialized files (Serialized files now loaded: 0)
System memory in use before: 103.2 MB.
System memory in use after: 103.3 MB.

Unloading 12 unused Assets to reduce memory usage. Loaded Objects now: 2721.
Total: 2.365500 ms (FindLiveObjects: 0.233500 ms CreateObjectMapping: 0.120900 ms MarkObjects: 1.994800 ms  DeleteObjects: 0.015300 ms)

AssetImportParameters requested are different than current active one (requested -> active):
  custom:graphics/normal-map-encoding: 01000000000000000000000000000000 -> 02000000000000000000000000000000
========================================================================
Received Prepare
Registering precompiled user dll's ...
Registered in 0.004837 seconds.
Begin MonoManager ReloadAssembly
Native extension for WindowsStandalone target not found
Refreshing native plugins compatible for Editor in 0.45 ms, found 1 plugins.
Preloading 0 native plugins for Editor in 0.00 ms.
Mono: successfully reloaded assembly
- Completed reload, in  1.041 seconds
Platform modules already initialized, skipping
Switching build target platform(5) subTarget(0) extendedPlatform(0) -> platform(13) subTarget(537395200) extendedPlatform(0)
Refreshing native plugins compatible for Editor in 0.43 ms, found 1 plugins.
Preloading 0 native plugins for Editor in 0.00 ms.
Unloading 2220 Unused Serialized files (Serialized files now loaded: 0)
System memory in use before: 103.2 MB.
System memory in use after: 103.4 MB.

Unloading 12 unused Assets to reduce memory usage. Loaded Objects now: 2726.
Total: 2.263400 ms (FindLiveObjects: 0.253100 ms CreateObjectMapping: 0.201700 ms MarkObjects: 1.790700 ms  DeleteObjects: 0.016900 ms)

AssetImportParameters requested are different than current active one (requested -> active):
  custom:graphics/normal-map-encoding: 01000000000000000000000000000000 -> 02000000000000000000000000000000
========================================================================
Received Prepare
Registering precompiled user dll's ...
Registered in 0.006636 seconds.
Begin MonoManager ReloadAssembly
Native extension for WindowsStandalone target not found
Refreshing native plugins compatible for Editor in 0.45 ms, found 1 plugins.
Preloading 0 native plugins for Editor in 0.00 ms.
Mono: successfully reloaded assembly
- Completed reload, in  1.345 seconds
Platform modules already initialized, skipping
Switching build target platform(5) subTarget(0) extendedPlatform(0) -> platform(13) subTarget(537395200) extendedPlatform(0)
Refreshing native plugins compatible for Editor in 0.82 ms, found 1 plugins.
Preloading 0 native plugins for Editor in 0.00 ms.
Unloading 2220 Unused Serialized files (Serialized files now loaded: 0)
System memory in use before: 103.3 MB.
System memory in use after: 103.5 MB.

Unloading 12 unused Assets to reduce memory usage. Loaded Objects now: 2731.
Total: 3.289800 ms (FindLiveObjects: 0.499900 ms CreateObjectMapping: 0.219000 ms MarkObjects: 2.530800 ms  DeleteObjects: 0.038600 ms)

AssetImportParameters requested are different than current active one (requested -> active):
  custom:graphics/normal-map-encoding: 01000000000000000000000000000000 -> 02000000000000000000000000000000
========================================================================
Received Prepare
Registering precompiled user dll's ...
Registered in 0.005303 seconds.
Begin MonoManager ReloadAssembly
Native extension for WindowsStandalone target not found
Refreshing native plugins compatible for Editor in 0.44 ms, found 1 plugins.
Preloading 0 native plugins for Editor in 0.00 ms.
Mono: successfully reloaded assembly
- Completed reload, in  1.032 seconds
Platform modules already initialized, skipping
Switching build target platform(5) subTarget(0) extendedPlatform(0) -> platform(13) subTarget(537395200) extendedPlatform(0)
Refreshing native plugins compatible for Editor in 0.44 ms, found 1 plugins.
Preloading 0 native plugins for Editor in 0.00 ms.
Unloading 2220 Unused Serialized files (Serialized files now loaded: 0)
System memory in use before: 103.3 MB.
System memory in use after: 103.5 MB.

Unloading 12 unused Assets to reduce memory usage. Loaded Objects now: 2736.
Total: 2.268800 ms (FindLiveObjects: 0.276400 ms CreateObjectMapping: 0.096100 ms MarkObjects: 1.879000 ms  DeleteObjects: 0.016000 ms)

AssetImportParameters requested are different than current active one (requested -> active):
  custom:graphics/normal-map-encoding: 01000000000000000000000000000000 -> 02000000000000000000000000000000
========================================================================
Received Import Request.
  Time since last request: 655.712475 seconds.
  path: Assets/Scene/Arrayment_Scene.unity
  artifactKey: Guid(9cd34926022b1a444bfa2980fb19d0ed) Importer(815301076,1909f56bfc062723c751e8b465ee728b)
Start importing Assets/Scene/Arrayment_Scene.unity using Guid(9cd34926022b1a444bfa2980fb19d0ed) Importer(815301076,1909f56bfc062723c751e8b465ee728b)  -> (artifact id: '7f2b7fe42c2e278d001236074dc203fe') in 0.014414 seconds
  Import took 0.023779 seconds .

========================================================================
Received Import Request.
  Time since last request: 86.144133 seconds.
  path: Assets/Animation/Animator
  artifactKey: Guid(efe064630dbd7cd49a965f70a1efe686) Importer(815301076,1909f56bfc062723c751e8b465ee728b)
Start importing Assets/Animation/Animator using Guid(efe064630dbd7cd49a965f70a1efe686) Importer(815301076,1909f56bfc062723c751e8b465ee728b)  -> (artifact id: '3de2610bd229d5b69e59a085d6f197c0') in 0.011775 seconds
  Import took 0.023102 seconds .

========================================================================
Received Import Request.
  Time since last request: 33.043897 seconds.
  path: Assets/Animation/Animator/Match_Result.controller
  artifactKey: Guid(b1cf2d4c024ef8a4dbec7cd1c9bb5a3d) Importer(815301076,1909f56bfc062723c751e8b465ee728b)
Start importing Assets/Animation/Animator/Match_Result.controller using Guid(b1cf2d4c024ef8a4dbec7cd1c9bb5a3d) Importer(815301076,1909f56bfc062723c751e8b465ee728b)  -> (artifact id: '5b2214056e97ad28cf8f43f3fa77b1dd') in 0.014837 seconds
  Import took 0.019500 seconds .

========================================================================
Received Import Request.
  Time since last request: 0.000663 seconds.
  path: Assets/Animation/Animator/Match_Result.controller
  artifactKey: Guid(b1cf2d4c024ef8a4dbec7cd1c9bb5a3d) Importer(815301076,1909f56bfc062723c751e8b465ee728b)
Start importing Assets/Animation/Animator/Match_Result.controller using Guid(b1cf2d4c024ef8a4dbec7cd1c9bb5a3d) Importer(815301076,1909f56bfc062723c751e8b465ee728b)  -> (artifact id: '5b2214056e97ad28cf8f43f3fa77b1dd') in 0.007723 seconds
  Import took 0.010947 seconds .

========================================================================
Received Import Request.
  Time since last request: 25.053329 seconds.
  path: Assets/Animation/Clip/Match_Result.anim
  artifactKey: Guid(1931672571ba27a44ac62a2793433190) Importer(815301076,1909f56bfc062723c751e8b465ee728b)
Start importing Assets/Animation/Clip/Match_Result.anim using Guid(1931672571ba27a44ac62a2793433190) Importer(815301076,1909f56bfc062723c751e8b465ee728b)  -> (artifact id: 'd4d08f4f3459447f140b7b1edab0096e') in 0.010531 seconds
  Import took 0.014169 seconds .

========================================================================
Received Import Request.
  Time since last request: 0.002235 seconds.
  path: Assets/Animation/Clip/Match_Result.anim
  artifactKey: Guid(1931672571ba27a44ac62a2793433190) Importer(815301076,1909f56bfc062723c751e8b465ee728b)
Start importing Assets/Animation/Clip/Match_Result.anim using Guid(1931672571ba27a44ac62a2793433190) Importer(815301076,1909f56bfc062723c751e8b465ee728b)  -> (artifact id: 'd4d08f4f3459447f140b7b1edab0096e') in 0.008459 seconds
  Import took 0.012551 seconds .

========================================================================
Received Import Request.
  Time since last request: 141.528644 seconds.
  path: Assets/Animation/Clip/Popup_Close.anim
  artifactKey: Guid(8b2d69d9f69eae34ba61ff98e9407502) Importer(815301076,1909f56bfc062723c751e8b465ee728b)
Start importing Assets/Animation/Clip/Popup_Close.anim using Guid(8b2d69d9f69eae34ba61ff98e9407502) Importer(815301076,1909f56bfc062723c751e8b465ee728b)  -> (artifact id: '0a6f6fc385e690f07233b30d0fbdb286') in 0.011431 seconds
  Import took 0.016243 seconds .

========================================================================
Received Import Request.
  Time since last request: 0.002017 seconds.
  path: Assets/Animation/Clip/Popup_Close.anim
  artifactKey: Guid(8b2d69d9f69eae34ba61ff98e9407502) Importer(815301076,1909f56bfc062723c751e8b465ee728b)
Start importing Assets/Animation/Clip/Popup_Close.anim using Guid(8b2d69d9f69eae34ba61ff98e9407502) Importer(815301076,1909f56bfc062723c751e8b465ee728b)  -> (artifact id: '0a6f6fc385e690f07233b30d0fbdb286') in 0.005182 seconds
  Import took 0.008628 seconds .

========================================================================
Received Prepare
Registering precompiled user dll's ...
Registered in 0.004725 seconds.
Begin MonoManager ReloadAssembly
Native extension for WindowsStandalone target not found
Refreshing native plugins compatible for Editor in 0.45 ms, found 1 plugins.
Preloading 0 native plugins for Editor in 0.00 ms.
Mono: successfully reloaded assembly
- Completed reload, in  1.048 seconds
Platform modules already initialized, skipping
Switching build target platform(5) subTarget(0) extendedPlatform(0) -> platform(13) subTarget(537395200) extendedPlatform(0)
Refreshing native plugins compatible for Editor in 0.43 ms, found 1 plugins.
Preloading 0 native plugins for Editor in 0.00 ms.
Unloading 2220 Unused Serialized files (Serialized files now loaded: 0)
System memory in use before: 103.3 MB.
System memory in use after: 103.5 MB.

Unloading 12 unused Assets to reduce memory usage. Loaded Objects now: 2741.
Total: 2.123600 ms (FindLiveObjects: 0.204300 ms CreateObjectMapping: 0.093200 ms MarkObjects: 1.810100 ms  DeleteObjects: 0.015100 ms)

AssetImportParameters requested are different than current active one (requested -> active):
  custom:graphics/normal-map-encoding: 01000000000000000000000000000000 -> 02000000000000000000000000000000
========================================================================
Received Prepare
Registering precompiled user dll's ...
Registered in 0.005390 seconds.
Begin MonoManager ReloadAssembly
Native extension for WindowsStandalone target not found
Refreshing native plugins compatible for Editor in 0.45 ms, found 1 plugins.
Preloading 0 native plugins for Editor in 0.00 ms.
Mono: successfully reloaded assembly
- Completed reload, in  1.085 seconds
Platform modules already initialized, skipping
Switching build target platform(5) subTarget(0) extendedPlatform(0) -> platform(13) subTarget(537395200) extendedPlatform(0)
Refreshing native plugins compatible for Editor in 0.70 ms, found 1 plugins.
Preloading 0 native plugins for Editor in 0.00 ms.
Unloading 2220 Unused Serialized files (Serialized files now loaded: 0)
System memory in use before: 103.4 MB.
System memory in use after: 103.6 MB.

Unloading 12 unused Assets to reduce memory usage. Loaded Objects now: 2746.
Total: 2.225600 ms (FindLiveObjects: 0.241200 ms CreateObjectMapping: 0.105600 ms MarkObjects: 1.858800 ms  DeleteObjects: 0.018500 ms)

AssetImportParameters requested are different than current active one (requested -> active):
  custom:graphics/normal-map-encoding: 01000000000000000000000000000000 -> 02000000000000000000000000000000
========================================================================
Received Prepare
Registering precompiled user dll's ...
Registered in 0.005258 seconds.
Begin MonoManager ReloadAssembly
Native extension for WindowsStandalone target not found
Refreshing native plugins compatible for Editor in 0.44 ms, found 1 plugins.
Preloading 0 native plugins for Editor in 0.00 ms.
Mono: successfully reloaded assembly
- Completed reload, in  1.090 seconds
Platform modules already initialized, skipping
Switching build target platform(5) subTarget(0) extendedPlatform(0) -> platform(13) subTarget(537395200) extendedPlatform(0)
Refreshing native plugins compatible for Editor in 0.45 ms, found 1 plugins.
Preloading 0 native plugins for Editor in 0.00 ms.
Unloading 2220 Unused Serialized files (Serialized files now loaded: 0)
System memory in use before: 103.3 MB.
System memory in use after: 103.5 MB.

Unloading 12 unused Assets to reduce memory usage. Loaded Objects now: 2751.
Total: 2.035100 ms (FindLiveObjects: 0.239600 ms CreateObjectMapping: 0.106900 ms MarkObjects: 1.672400 ms  DeleteObjects: 0.015200 ms)

AssetImportParameters requested are different than current active one (requested -> active):
  custom:graphics/normal-map-encoding: 01000000000000000000000000000000 -> 02000000000000000000000000000000
========================================================================
Received Prepare
Registering precompiled user dll's ...
Registered in 0.004733 seconds.
Begin MonoManager ReloadAssembly
Native extension for WindowsStandalone target not found
Refreshing native plugins compatible for Editor in 0.43 ms, found 1 plugins.
Preloading 0 native plugins for Editor in 0.00 ms.
Mono: successfully reloaded assembly
- Completed reload, in  1.097 seconds
Platform modules already initialized, skipping
Switching build target platform(5) subTarget(0) extendedPlatform(0) -> platform(13) subTarget(537395200) extendedPlatform(0)
Refreshing native plugins compatible for Editor in 0.44 ms, found 1 plugins.
Preloading 0 native plugins for Editor in 0.00 ms.
Unloading 2220 Unused Serialized files (Serialized files now loaded: 0)
System memory in use before: 103.3 MB.
System memory in use after: 103.5 MB.

Unloading 12 unused Assets to reduce memory usage. Loaded Objects now: 2756.
Total: 2.183200 ms (FindLiveObjects: 0.236200 ms CreateObjectMapping: 0.117700 ms MarkObjects: 1.811900 ms  DeleteObjects: 0.016300 ms)

AssetImportParameters requested are different than current active one (requested -> active):
  custom:graphics/normal-map-encoding: 01000000000000000000000000000000 -> 02000000000000000000000000000000
========================================================================
Received Import Request.
  Time since last request: 541.222978 seconds.
  path: Assets/PlayFabSDK
  artifactKey: Guid(e53d5e839d5caa945b9b859abe15689b) Importer(815301076,1909f56bfc062723c751e8b465ee728b)
Start importing Assets/PlayFabSDK using Guid(e53d5e839d5caa945b9b859abe15689b) Importer(815301076,1909f56bfc062723c751e8b465ee728b)  -> (artifact id: '3f3528ff0abd3fbf7927c79bac5a1c71') in 0.016556 seconds
  Import took 0.020434 seconds .

========================================================================
Received Import Request.
  Time since last request: 12.131650 seconds.
  path: Assets/Resources/Match Result Panel.prefab
  artifactKey: Guid(daba51e6676323a4791f0000ebd6536d) Importer(815301076,1909f56bfc062723c751e8b465ee728b)
Start importing Assets/Resources/Match Result Panel.prefab using Guid(daba51e6676323a4791f0000ebd6536d) Importer(815301076,1909f56bfc062723c751e8b465ee728b)  -> (artifact id: 'ccb71f50dee59bb807f2e7243dd183c4') in 0.044402 seconds
  Import took 0.048428 seconds .

========================================================================
Received Import Request.
  Time since last request: 0.025309 seconds.
  path: Assets/Resources/Match Result Panel.prefab
  artifactKey: Guid(daba51e6676323a4791f0000ebd6536d) Importer(815301076,1909f56bfc062723c751e8b465ee728b)
Start importing Assets/Resources/Match Result Panel.prefab using Guid(daba51e6676323a4791f0000ebd6536d) Importer(815301076,1909f56bfc062723c751e8b465ee728b)  -> (artifact id: 'ccb71f50dee59bb807f2e7243dd183c4') in 0.010833 seconds
  Import took 0.014225 seconds .

========================================================================
Received Prepare
Registering precompiled user dll's ...
Registered in 0.004799 seconds.
Begin MonoManager ReloadAssembly
Native extension for WindowsStandalone target not found
Refreshing native plugins compatible for Editor in 0.45 ms, found 1 plugins.
Preloading 0 native plugins for Editor in 0.00 ms.
Mono: successfully reloaded assembly
- Completed reload, in  1.150 seconds
Platform modules already initialized, skipping
Switching build target platform(5) subTarget(0) extendedPlatform(0) -> platform(13) subTarget(537395200) extendedPlatform(0)
Refreshing native plugins compatible for Editor in 0.44 ms, found 1 plugins.
Preloading 0 native plugins for Editor in 0.00 ms.
Unloading 2220 Unused Serialized files (Serialized files now loaded: 0)
System memory in use before: 103.3 MB.
System memory in use after: 103.6 MB.

Unloading 13 unused Assets to reduce memory usage. Loaded Objects now: 2761.
Total: 2.164000 ms (FindLiveObjects: 0.236600 ms CreateObjectMapping: 0.098200 ms MarkObjects: 1.808600 ms  DeleteObjects: 0.020000 ms)

AssetImportParameters requested are different than current active one (requested -> active):
  custom:graphics/normal-map-encoding: 01000000000000000000000000000000 -> 02000000000000000000000000000000
========================================================================
Received Prepare
Registering precompiled user dll's ...
Registered in 0.005396 seconds.
Begin MonoManager ReloadAssembly
Native extension for WindowsStandalone target not found
Refreshing native plugins compatible for Editor in 0.44 ms, found 1 plugins.
Preloading 0 native plugins for Editor in 0.00 ms.
Mono: successfully reloaded assembly
- Completed reload, in  1.103 seconds
Platform modules already initialized, skipping
Switching build target platform(5) subTarget(0) extendedPlatform(0) -> platform(13) subTarget(537395200) extendedPlatform(0)
Refreshing native plugins compatible for Editor in 0.44 ms, found 1 plugins.
Preloading 0 native plugins for Editor in 0.00 ms.
Unloading 2220 Unused Serialized files (Serialized files now loaded: 0)
System memory in use before: 103.4 MB.
System memory in use after: 103.7 MB.

Unloading 12 unused Assets to reduce memory usage. Loaded Objects now: 2766.
Total: 1.959400 ms (FindLiveObjects: 0.223400 ms CreateObjectMapping: 0.103700 ms MarkObjects: 1.616200 ms  DeleteObjects: 0.015100 ms)

AssetImportParameters requested are different than current active one (requested -> active):
  custom:graphics/normal-map-encoding: 01000000000000000000000000000000 -> 02000000000000000000000000000000
========================================================================
Received Import Request.
  Time since last request: 179.148822 seconds.
  path: Assets/Scene/BattleScene.unity
  artifactKey: Guid(5b0f02642d9e63244adeaa6ea7c5d87f) Importer(815301076,1909f56bfc062723c751e8b465ee728b)
Start importing Assets/Scene/BattleScene.unity using Guid(5b0f02642d9e63244adeaa6ea7c5d87f) Importer(815301076,1909f56bfc062723c751e8b465ee728b)  -> (artifact id: '683eb2a2cd0c1815f58941e2c5a297a9') in 0.013994 seconds
  Import took 0.017764 seconds .

========================================================================
Received Prepare
Registering precompiled user dll's ...
Registered in 0.005018 seconds.
Begin MonoManager ReloadAssembly
Native extension for WindowsStandalone target not found
Refreshing native plugins compatible for Editor in 0.44 ms, found 1 plugins.
Preloading 0 native plugins for Editor in 0.00 ms.
Mono: successfully reloaded assembly
- Completed reload, in  1.119 seconds
Platform modules already initialized, skipping
Switching build target platform(5) subTarget(0) extendedPlatform(0) -> platform(13) subTarget(537395200) extendedPlatform(0)
Refreshing native plugins compatible for Editor in 0.44 ms, found 1 plugins.
Preloading 0 native plugins for Editor in 0.00 ms.
Unloading 2220 Unused Serialized files (Serialized files now loaded: 0)
System memory in use before: 103.5 MB.
System memory in use after: 103.7 MB.

Unloading 12 unused Assets to reduce memory usage. Loaded Objects now: 2771.
Total: 2.400300 ms (FindLiveObjects: 0.235500 ms CreateObjectMapping: 0.095600 ms MarkObjects: 2.048500 ms  DeleteObjects: 0.019600 ms)

AssetImportParameters requested are different than current active one (requested -> active):
  custom:graphics/normal-map-encoding: 01000000000000000000000000000000 -> 02000000000000000000000000000000
========================================================================
Received Import Request.
  Time since last request: 165.335549 seconds.
  path: Assets/Scene/BattleScene.unity
  artifactKey: Guid(5b0f02642d9e63244adeaa6ea7c5d87f) Importer(815301076,1909f56bfc062723c751e8b465ee728b)
Start importing Assets/Scene/BattleScene.unity using Guid(5b0f02642d9e63244adeaa6ea7c5d87f) Importer(815301076,1909f56bfc062723c751e8b465ee728b)  -> (artifact id: 'c4def86365b2370d1550831473a7cfe7') in 0.017198 seconds
  Import took 0.028716 seconds .

========================================================================
Received Prepare
Registering precompiled user dll's ...
Registered in 0.005834 seconds.
Begin MonoManager ReloadAssembly
Native extension for WindowsStandalone target not found
Refreshing native plugins compatible for Editor in 0.44 ms, found 1 plugins.
Preloading 0 native plugins for Editor in 0.00 ms.
Mono: successfully reloaded assembly
- Completed reload, in  1.161 seconds
Platform modules already initialized, skipping
Switching build target platform(5) subTarget(0) extendedPlatform(0) -> platform(13) subTarget(537395200) extendedPlatform(0)
Refreshing native plugins compatible for Editor in 0.45 ms, found 1 plugins.
Preloading 0 native plugins for Editor in 0.00 ms.
Unloading 2220 Unused Serialized files (Serialized files now loaded: 0)
System memory in use before: 103.5 MB.
System memory in use after: 103.7 MB.

Unloading 12 unused Assets to reduce memory usage. Loaded Objects now: 2776.
Total: 2.163600 ms (FindLiveObjects: 0.330200 ms CreateObjectMapping: 0.127000 ms MarkObjects: 1.682600 ms  DeleteObjects: 0.021200 ms)

AssetImportParameters requested are different than current active one (requested -> active):
  custom:graphics/normal-map-encoding: 01000000000000000000000000000000 -> 02000000000000000000000000000000
========================================================================
Received Import Request.
  Time since last request: 1081.467321 seconds.
  path: Assets/Script/Battle_Scene/BattleManager.cs
  artifactKey: Guid(0c44ea7f71b08cd42bb1a5b5e82ab440) Importer(815301076,1909f56bfc062723c751e8b465ee728b)
Start importing Assets/Script/Battle_Scene/BattleManager.cs using Guid(0c44ea7f71b08cd42bb1a5b5e82ab440) Importer(815301076,1909f56bfc062723c751e8b465ee728b)  -> (artifact id: 'e72e271390d93dcb64494dba9022c9f2') in 0.028635 seconds
  Import took 0.032726 seconds .

========================================================================
Received Prepare
Registering precompiled user dll's ...
Registered in 0.005619 seconds.
Begin MonoManager ReloadAssembly
Native extension for WindowsStandalone target not found
Refreshing native plugins compatible for Editor in 0.79 ms, found 1 plugins.
Preloading 0 native plugins for Editor in 0.00 ms.
Mono: successfully reloaded assembly
- Completed reload, in  1.171 seconds
Platform modules already initialized, skipping
Switching build target platform(5) subTarget(0) extendedPlatform(0) -> platform(13) subTarget(537395200) extendedPlatform(0)
Refreshing native plugins compatible for Editor in 0.44 ms, found 1 plugins.
Preloading 0 native plugins for Editor in 0.00 ms.
Unloading 2220 Unused Serialized files (Serialized files now loaded: 0)
System memory in use before: 103.5 MB.
System memory in use after: 103.7 MB.

Unloading 12 unused Assets to reduce memory usage. Loaded Objects now: 2781.
Total: 2.424900 ms (FindLiveObjects: 0.249300 ms CreateObjectMapping: 0.109000 ms MarkObjects: 2.049600 ms  DeleteObjects: 0.016100 ms)

AssetImportParameters requested are different than current active one (requested -> active):
  custom:graphics/normal-map-encoding: 01000000000000000000000000000000 -> 02000000000000000000000000000000
========================================================================
Received Import Request.
  Time since last request: 58.203915 seconds.
  path: Assets/Script/Battle_Scene/BattleManager.cs
  artifactKey: Guid(0c44ea7f71b08cd42bb1a5b5e82ab440) Importer(815301076,1909f56bfc062723c751e8b465ee728b)
Start importing Assets/Script/Battle_Scene/BattleManager.cs using Guid(0c44ea7f71b08cd42bb1a5b5e82ab440) Importer(815301076,1909f56bfc062723c751e8b465ee728b)  -> (artifact id: '4f3df7c714e8367984610210f5d38e51') in 0.009456 seconds
  Import took 0.020906 seconds .

========================================================================
Received Import Request.
  Time since last request: 31.104990 seconds.
  path: Assets/Photon/PhotonUnityNetworking/UtilityScripts
  artifactKey: Guid(5c9485e879b69bf48bbc3ea64a71dbb2) Importer(815301076,1909f56bfc062723c751e8b465ee728b)
Start importing Assets/Photon/PhotonUnityNetworking/UtilityScripts using Guid(5c9485e879b69bf48bbc3ea64a71dbb2) Importer(815301076,1909f56bfc062723c751e8b465ee728b)  -> (artifact id: '825dccdf9b40f15c10ec7b79bc0a5144') in 0.011499 seconds
  Import took 0.023479 seconds .

========================================================================
Received Import Request.
  Time since last request: 46.142719 seconds.
  path: Assets/Photon/PhotonUnityNetworking/Resources/PhotonServerSettings.asset
  artifactKey: Guid(76d879b8fa8a1374fa9e3c30b16fff45) Importer(815301076,1909f56bfc062723c751e8b465ee728b)
Start importing Assets/Photon/PhotonUnityNetworking/Resources/PhotonServerSettings.asset using Guid(76d879b8fa8a1374fa9e3c30b16fff45) Importer(815301076,1909f56bfc062723c751e8b465ee728b)  -> (artifact id: '7098d87f3faaad16cebb28254bf055be') in 0.013227 seconds
  Import took 0.016714 seconds .

========================================================================
Received Import Request.
  Time since last request: 82.719179 seconds.
  path: Assets/Photon/PhotonUnityNetworking/changelog.txt
  artifactKey: Guid(612a7d8fb44bb994d90d9c0fa1408703) Importer(815301076,1909f56bfc062723c751e8b465ee728b)
Start importing Assets/Photon/PhotonUnityNetworking/changelog.txt using Guid(612a7d8fb44bb994d90d9c0fa1408703) Importer(815301076,1909f56bfc062723c751e8b465ee728b)  -> (artifact id: '34a802c5ff2645b78d13938555bef2eb') in 0.023259 seconds
  Import took 0.027293 seconds .

========================================================================
Received Prepare
Registering precompiled user dll's ...
Registered in 0.008273 seconds.
Begin MonoManager ReloadAssembly
Native extension for WindowsStandalone target not found
Refreshing native plugins compatible for Editor in 0.82 ms, found 1 plugins.
Preloading 0 native plugins for Editor in 0.00 ms.
Mono: successfully reloaded assembly
- Completed reload, in  1.924 seconds
Platform modules already initialized, skipping
Switching build target platform(5) subTarget(0) extendedPlatform(0) -> platform(13) subTarget(537395200) extendedPlatform(0)
Refreshing native plugins compatible for Editor in 0.73 ms, found 1 plugins.
Preloading 0 native plugins for Editor in 0.00 ms.
Unloading 2220 Unused Serialized files (Serialized files now loaded: 0)
System memory in use before: 103.5 MB.
System memory in use after: 103.7 MB.

Unloading 12 unused Assets to reduce memory usage. Loaded Objects now: 2786.
Total: 5.216100 ms (FindLiveObjects: 0.460700 ms CreateObjectMapping: 0.218700 ms MarkObjects: 4.504100 ms  DeleteObjects: 0.030600 ms)

AssetImportParameters requested are different than current active one (requested -> active):
  custom:graphics/normal-map-encoding: 01000000000000000000000000000000 -> 02000000000000000000000000000000
========================================================================
Received Prepare
Registering precompiled user dll's ...
Registered in 0.005835 seconds.
Begin MonoManager ReloadAssembly
Native extension for WindowsStandalone target not found
Refreshing native plugins compatible for Editor in 0.46 ms, found 1 plugins.
Preloading 0 native plugins for Editor in 0.00 ms.
Mono: successfully reloaded assembly
- Completed reload, in  1.231 seconds
Platform modules already initialized, skipping
Switching build target platform(5) subTarget(0) extendedPlatform(0) -> platform(13) subTarget(537395200) extendedPlatform(0)
Refreshing native plugins compatible for Editor in 0.44 ms, found 1 plugins.
Preloading 0 native plugins for Editor in 0.00 ms.
Unloading 2220 Unused Serialized files (Serialized files now loaded: 0)
System memory in use before: 103.5 MB.
System memory in use after: 103.7 MB.

Unloading 12 unused Assets to reduce memory usage. Loaded Objects now: 2791.
Total: 2.461000 ms (FindLiveObjects: 0.280100 ms CreateObjectMapping: 0.107400 ms MarkObjects: 2.050900 ms  DeleteObjects: 0.021500 ms)

AssetImportParameters requested are different than current active one (requested -> active):
  custom:graphics/normal-map-encoding: 01000000000000000000000000000000 -> 02000000000000000000000000000000
========================================================================
Received Prepare
Registering precompiled user dll's ...
Registered in 0.005168 seconds.
Begin MonoManager ReloadAssembly
Native extension for WindowsStandalone target not found
Refreshing native plugins compatible for Editor in 0.48 ms, found 1 plugins.
Preloading 0 native plugins for Editor in 0.00 ms.
Mono: successfully reloaded assembly
- Completed reload, in  1.279 seconds
Platform modules already initialized, skipping
Switching build target platform(5) subTarget(0) extendedPlatform(0) -> platform(13) subTarget(537395200) extendedPlatform(0)
Refreshing native plugins compatible for Editor in 0.45 ms, found 1 plugins.
Preloading 0 native plugins for Editor in 0.00 ms.
Unloading 2220 Unused Serialized files (Serialized files now loaded: 0)
System memory in use before: 103.5 MB.
System memory in use after: 103.7 MB.

Unloading 12 unused Assets to reduce memory usage. Loaded Objects now: 2796.
Total: 2.392800 ms (FindLiveObjects: 0.251000 ms CreateObjectMapping: 0.118300 ms MarkObjects: 2.007300 ms  DeleteObjects: 0.015200 ms)

AssetImportParameters requested are different than current active one (requested -> active):
  custom:graphics/normal-map-encoding: 01000000000000000000000000000000 -> 02000000000000000000000000000000
========================================================================
Received Import Request.
  Time since last request: 680.907696 seconds.
  path: Assets/Scene/BattleScene.unity
  artifactKey: Guid(5b0f02642d9e63244adeaa6ea7c5d87f) Importer(815301076,1909f56bfc062723c751e8b465ee728b)
Start importing Assets/Scene/BattleScene.unity using Guid(5b0f02642d9e63244adeaa6ea7c5d87f) Importer(815301076,1909f56bfc062723c751e8b465ee728b)  -> (artifact id: '22f2c8a81654fbdc77f88be780076336') in 0.015822 seconds
  Import took 0.026593 seconds .

========================================================================
Received Prepare
Registering precompiled user dll's ...
Registered in 0.005559 seconds.
Begin MonoManager ReloadAssembly
Native extension for WindowsStandalone target not found
Refreshing native plugins compatible for Editor in 0.47 ms, found 1 plugins.
Preloading 0 native plugins for Editor in 0.00 ms.
Mono: successfully reloaded assembly
- Completed reload, in  1.262 seconds
Platform modules already initialized, skipping
Switching build target platform(5) subTarget(0) extendedPlatform(0) -> platform(13) subTarget(537395200) extendedPlatform(0)
Refreshing native plugins compatible for Editor in 0.48 ms, found 1 plugins.
Preloading 0 native plugins for Editor in 0.00 ms.
Unloading 2220 Unused Serialized files (Serialized files now loaded: 0)
System memory in use before: 103.6 MB.
System memory in use after: 103.9 MB.

Unloading 12 unused Assets to reduce memory usage. Loaded Objects now: 2801.
Total: 2.309900 ms (FindLiveObjects: 0.234800 ms CreateObjectMapping: 0.098200 ms MarkObjects: 1.954500 ms  DeleteObjects: 0.021000 ms)

AssetImportParameters requested are different than current active one (requested -> active):
  custom:graphics/normal-map-encoding: 01000000000000000000000000000000 -> 02000000000000000000000000000000
========================================================================
Received Prepare
Registering precompiled user dll's ...
Registered in 0.006005 seconds.
Begin MonoManager ReloadAssembly
Native extension for WindowsStandalone target not found
Refreshing native plugins compatible for Editor in 0.52 ms, found 1 plugins.
Preloading 0 native plugins for Editor in 0.00 ms.
Mono: successfully reloaded assembly
- Completed reload, in  1.608 seconds
Platform modules already initialized, skipping
Switching build target platform(5) subTarget(0) extendedPlatform(0) -> platform(13) subTarget(537395200) extendedPlatform(0)
Refreshing native plugins compatible for Editor in 1.04 ms, found 1 plugins.
Preloading 0 native plugins for Editor in 0.00 ms.
Unloading 2220 Unused Serialized files (Serialized files now loaded: 0)
System memory in use before: 103.6 MB.
System memory in use after: 103.9 MB.

Unloading 12 unused Assets to reduce memory usage. Loaded Objects now: 2806.
Total: 3.509400 ms (FindLiveObjects: 0.507500 ms CreateObjectMapping: 0.241500 ms MarkObjects: 2.726800 ms  DeleteObjects: 0.031500 ms)

AssetImportParameters requested are different than current active one (requested -> active):
  custom:graphics/normal-map-encoding: 01000000000000000000000000000000 -> 02000000000000000000000000000000
========================================================================
Received Prepare
Refreshing native plugins compatible for Editor in 4.84 ms, found 1 plugins.
Preloading 0 native plugins for Editor in 0.00 ms.
Unloading 10 Unused Serialized files (Serialized files now loaded: 0)
System memory in use before: 60.1 MB.
System memory in use after: 60.3 MB.

Unloading 10 unused Assets to reduce memory usage. Loaded Objects now: 2806.
Total: 2.716000 ms (FindLiveObjects: 0.353600 ms CreateObjectMapping: 0.155900 ms MarkObjects: 2.187400 ms  DeleteObjects: 0.017900 ms)

AssetImportWorkerClient::OnTransportError - code=2 error=End of file
