Using pre-set license
Built from '2020.3/release' branch; Version is '2020.3.7f1 (dd97f2c94397) revision 14522354'; Using compiler version '192528614'; Build Type 'Release'
OS: 'Windows 10 Pro; OS build 18363.1556; Version 1909; 64bit' Language: 'ko' Physical Memory: 16318 MB
BatchMode: 1, IsHumanControllingUs: 0, StartBugReporterOnCrash: 0, Is64bit: 1, IsPro: 0

 COMMAND LINE ARGUMENTS:
C:\Program Files\Unity\Hub\Editor\2020.3.7f1\Editor\Unity.exe
-adb2
-batchMode
-noUpm
-name
AssetImportWorker1
-projectPath
C:/Users/acas1/Desktop/Team_LoG/LoG_Prototype/LoG
-logFile
Logs/AssetImportWorker1.log
-srvPort
62366
Successfully changed project path to: C:/Users/acas1/Desktop/Team_LoG/LoG_Prototype/LoG
C:/Users/acas1/Desktop/Team_LoG/LoG_Prototype/LoG
Using Asset Import Pipeline V2.
Refreshing native plugins compatible for Editor in 58.98 ms, found 1 plugins.
Preloading 0 native plugins for Editor in 0.00 ms.
Initialize engine version: 2020.3.7f1 (dd97f2c94397)
[Subsystems] Discovering subsystems at path C:/Program Files/Unity/Hub/Editor/2020.3.7f1/Editor/Data/Resources/UnitySubsystems
[Subsystems] Discovering subsystems at path C:/Users/acas1/Desktop/Team_LoG/LoG_Prototype/LoG/Assets
GfxDevice: creating device client; threaded=0
Direct3D:
    Version:  Direct3D 11.0 [level 11.1]
    Renderer: NVIDIA GeForce GTX 1660 SUPER (ID=0x21c4)
    Vendor:   
    VRAM:     5991 MB
    Driver:   30.0.14.9729
Initialize mono
Mono path[0] = 'C:/Program Files/Unity/Hub/Editor/2020.3.7f1/Editor/Data/Managed'
Mono path[1] = 'C:/Program Files/Unity/Hub/Editor/2020.3.7f1/Editor/Data/MonoBleedingEdge/lib/mono/unityjit'
Mono config path = 'C:/Program Files/Unity/Hub/Editor/2020.3.7f1/Editor/Data/MonoBleedingEdge/etc'
Using monoOptions --debugger-agent=transport=dt_socket,embedding=1,server=y,suspend=n,address=127.0.0.1:56496
Begin MonoManager ReloadAssembly
Registering precompiled unity dll's ...
Register platform support module: C:/Program Files/Unity/Hub/Editor/2020.3.7f1/Editor/Data/PlaybackEngines/WindowsStandaloneSupport/UnityEditor.WindowsStandalone.Extensions.dll
Registered in 0.002881 seconds.
Native extension for WindowsStandalone target not found
Refreshing native plugins compatible for Editor in 60.51 ms, found 1 plugins.
Preloading 0 native plugins for Editor in 0.00 ms.
Mono: successfully reloaded assembly
- Completed reload, in  1.606 seconds
Platform modules already initialized, skipping
Registering precompiled user dll's ...
Registered in 0.004646 seconds.
Begin MonoManager ReloadAssembly
Native extension for WindowsStandalone target not found
Refreshing native plugins compatible for Editor in 67.38 ms, found 1 plugins.
Preloading 0 native plugins for Editor in 0.00 ms.
Mono: successfully reloaded assembly
- Completed reload, in  1.399 seconds
Platform modules already initialized, skipping
========================================================================
Worker process is ready to serve import requests
Launched and connected shader compiler UnityShaderCompiler.exe after 0.13 seconds
Refreshing native plugins compatible for Editor in 0.46 ms, found 1 plugins.
Preloading 0 native plugins for Editor in 0.00 ms.
Unloading 2245 Unused Serialized files (Serialized files now loaded: 0)
System memory in use before: 176.7 MB.
System memory in use after: 176.8 MB.

Unloading 25 unused Assets to reduce memory usage. Loaded Objects now: 2694.
Total: 2.264000 ms (FindLiveObjects: 0.239900 ms CreateObjectMapping: 0.110000 ms MarkObjects: 1.804800 ms  DeleteObjects: 0.108200 ms)

========================================================================
Received Import Request.
  path: Assets/Scene/PVE_CSVTestScene2.unity
  artifactKey: Guid(5552963747bb65c43a9eef3198162c77) Importer(815301076,1909f56bfc062723c751e8b465ee728b)
Start importing Assets/Scene/PVE_CSVTestScene2.unity using Guid(5552963747bb65c43a9eef3198162c77) Importer(815301076,1909f56bfc062723c751e8b465ee728b)  -> (artifact id: 'c47399205ce1e2c99b92a95989006594') in 0.022787 seconds
  Import took 0.031307 seconds .

========================================================================
Received Import Request.
  Time since last request: 967.106173 seconds.
  path: Assets/Resources/ATKBuffedEffect.anim
  artifactKey: Guid(c2fd81d5ea5d2714cb52f6470218795f) Importer(815301076,1909f56bfc062723c751e8b465ee728b)
Start importing Assets/Resources/ATKBuffedEffect.anim using Guid(c2fd81d5ea5d2714cb52f6470218795f) Importer(815301076,1909f56bfc062723c751e8b465ee728b)  -> (artifact id: '5671ae9af111213bcc79c941e21fe486') in 0.071172 seconds
  Import took 0.078271 seconds .

========================================================================
Received Import Request.
  Time since last request: 17.842631 seconds.
  path: Assets/Resources/Reward
  artifactKey: Guid(a3062517070ad4b4aa077106271a4c9c) Importer(815301076,1909f56bfc062723c751e8b465ee728b)
Start importing Assets/Resources/Reward using Guid(a3062517070ad4b4aa077106271a4c9c) Importer(815301076,1909f56bfc062723c751e8b465ee728b)  -> (artifact id: '50b412cd3f9a79af99fb6a76ccb1573b') in 0.010804 seconds
  Import took 0.015853 seconds .

========================================================================
Received Import Request.
  Time since last request: 8.848869 seconds.
  path: Assets/Resources/PVE_Reward
  artifactKey: Guid(a3062517070ad4b4aa077106271a4c9c) Importer(815301076,1909f56bfc062723c751e8b465ee728b)
Start importing Assets/Resources/PVE_Reward using Guid(a3062517070ad4b4aa077106271a4c9c) Importer(815301076,1909f56bfc062723c751e8b465ee728b)  -> (artifact id: 'b6880e2b965c728cc2f9a8d1d0bced35') in 0.011114 seconds
  Import took 0.018143 seconds .

========================================================================
Received Import Request.
  Time since last request: 989.988855 seconds.
  path: Assets/Image/Pve/주의.txt
  artifactKey: Guid(fe4dfca9ccf6c5e49903ce9fd3d61efe) Importer(815301076,1909f56bfc062723c751e8b465ee728b)
Start importing Assets/Image/Pve/주의.txt using Guid(fe4dfca9ccf6c5e49903ce9fd3d61efe) Importer(815301076,1909f56bfc062723c751e8b465ee728b)  -> (artifact id: '1f33a8fa67edf1b7fc9de60afd29878e') in 0.022631 seconds
  Import took 0.028163 seconds .

========================================================================
Received Import Request.
  Time since last request: 74.272985 seconds.
  path: Assets/Image/Pve
  artifactKey: Guid(656135406fb5a40498c76f8cd9720de2) Importer(815301076,1909f56bfc062723c751e8b465ee728b)
Start importing Assets/Image/Pve using Guid(656135406fb5a40498c76f8cd9720de2) Importer(815301076,1909f56bfc062723c751e8b465ee728b)  -> (artifact id: '3f0df972eb522aeeec9c02febf559afc') in 0.010429 seconds
  Import took 0.016215 seconds .

========================================================================
Received Import Request.
  Time since last request: 10.265014 seconds.
  path: Assets/Image/Pve/RewardUI
  artifactKey: Guid(29312e78fd86ca941988708136df325e) Importer(815301076,1909f56bfc062723c751e8b465ee728b)
Start importing Assets/Image/Pve/RewardUI using Guid(29312e78fd86ca941988708136df325e) Importer(815301076,1909f56bfc062723c751e8b465ee728b)  -> (artifact id: '378be8b1a23466d36143d7e805ef769f') in 0.011298 seconds
  Import took 0.019095 seconds .

========================================================================
Received Import Request.
  Time since last request: 29.240651 seconds.
  path: Assets/Image/Pve/RewardUI/stage_DLC
  artifactKey: Guid(d129c85e68354ea428486cbc8ba6c9d0) Importer(815301076,1909f56bfc062723c751e8b465ee728b)
Start importing Assets/Image/Pve/RewardUI/stage_DLC using Guid(d129c85e68354ea428486cbc8ba6c9d0) Importer(815301076,1909f56bfc062723c751e8b465ee728b)  -> (artifact id: 'b42f514975e1f898799f28bfc8b264c3') in 0.012818 seconds
  Import took 0.024106 seconds .

========================================================================
Received Import Request.
  Time since last request: 5.105346 seconds.
  path: Assets/Image/Pve/RewardUI/home.png
  artifactKey: Guid(0556579271269bc4597f25cfad19bd86) Importer(815301076,1909f56bfc062723c751e8b465ee728b)
Start importing Assets/Image/Pve/RewardUI/home.png using Guid(0556579271269bc4597f25cfad19bd86) Importer(815301076,1909f56bfc062723c751e8b465ee728b)  -> (artifact id: '124fc032bbc2185b5039c5b6c52aad18') in 0.122228 seconds
  Import took 0.127013 seconds .

========================================================================
Received Import Request.
  Time since last request: 4.050973 seconds.
  path: Assets/Image/Pve/RewardUI/REWARD-1.png
  artifactKey: Guid(a7a32f5042adf0b46a038b243680ec06) Importer(815301076,1909f56bfc062723c751e8b465ee728b)
Start importing Assets/Image/Pve/RewardUI/REWARD-1.png using Guid(a7a32f5042adf0b46a038b243680ec06) Importer(815301076,1909f56bfc062723c751e8b465ee728b)  -> (artifact id: 'f1d6e350e9c71e67ad46d3d2f5bab671') in 0.022504 seconds
  Import took 0.027713 seconds .

========================================================================
Received Import Request.
  Time since last request: 0.001021 seconds.
  path: Assets/Image/Pve/RewardUI/REWARD-1.png
  artifactKey: Guid(a7a32f5042adf0b46a038b243680ec06) Importer(815301076,1909f56bfc062723c751e8b465ee728b)
Start importing Assets/Image/Pve/RewardUI/REWARD-1.png using Guid(a7a32f5042adf0b46a038b243680ec06) Importer(815301076,1909f56bfc062723c751e8b465ee728b)  -> (artifact id: 'f1d6e350e9c71e67ad46d3d2f5bab671') in 0.010710 seconds
  Import took 0.018750 seconds .

========================================================================
Received Import Request.
  Time since last request: 1.061135 seconds.
  path: Assets/Image/Pve/RewardUI/REWARD-2.png
  artifactKey: Guid(1bc02abfb62f9614393d938d17473c1d) Importer(815301076,1909f56bfc062723c751e8b465ee728b)
Start importing Assets/Image/Pve/RewardUI/REWARD-2.png using Guid(1bc02abfb62f9614393d938d17473c1d) Importer(815301076,1909f56bfc062723c751e8b465ee728b)  -> (artifact id: '6ca0cd2f5e30c3f5e2eb97403873fb2d') in 0.027863 seconds
  Import took 0.041183 seconds .

========================================================================
Received Import Request.
  Time since last request: 0.000344 seconds.
  path: Assets/Image/Pve/RewardUI/REWARD-2.png
  artifactKey: Guid(1bc02abfb62f9614393d938d17473c1d) Importer(815301076,1909f56bfc062723c751e8b465ee728b)
Start importing Assets/Image/Pve/RewardUI/REWARD-2.png using Guid(1bc02abfb62f9614393d938d17473c1d) Importer(815301076,1909f56bfc062723c751e8b465ee728b)  -> (artifact id: '6ca0cd2f5e30c3f5e2eb97403873fb2d') in 0.016893 seconds
  Import took 0.023199 seconds .

========================================================================
Received Import Request.
  Time since last request: 0.314280 seconds.
  path: Assets/Image/Pve/RewardUI/REWARD-3.png
  artifactKey: Guid(fd2845c899e69e8479958eac4137d48f) Importer(815301076,1909f56bfc062723c751e8b465ee728b)
Start importing Assets/Image/Pve/RewardUI/REWARD-3.png using Guid(fd2845c899e69e8479958eac4137d48f) Importer(815301076,1909f56bfc062723c751e8b465ee728b)  -> (artifact id: '67269e5d1ba0baa0fd526f301177c589') in 0.026781 seconds
  Import took 0.036974 seconds .

AssetImportWorkerClient::OnTransportError - code=2 error=End of file
